
> jy-backend@1.0.0 start:dev
> nest start --watch

[2J[3J[H[[90m23:40:26[0m] Starting compilation in watch mode...

[[90m23:40:35[0m] Found 0 errors. Watching for file changes.

Database connected
Database connected
Database connected
Database connected
Database connected
Database connected
Database connected
Database connected
Database connected
Database connected
[32m[Nest] 43265  - [39m2026/05/28 23:40:38 [32m    LOG[39m [38;5;3m[NestFactory] [39m[32mStarting Nest application...[39m
[32m[Nest] 43265  - [39m2026/05/28 23:40:38 [32m    LOG[39m [38;5;3m[InstanceLoader] [39m[32mPrismaModule dependencies initialized[39m[38;5;3m +1ms[39m
[32m[Nest] 43265  - [39m2026/05/28 23:40:38 [32m    LOG[39m [38;5;3m[InstanceLoader] [39m[32mPassportModule dependencies initialized[39m[38;5;3m +0ms[39m
[32m[Nest] 43265  - [39m2026/05/28 23:40:38 [32m    LOG[39m [38;5;3m[InstanceLoader] [39m[32mConfigHostModule dependencies initialized[39m[38;5;3m +0ms[39m
[32m[Nest] 43265  - [39m2026/05/28 23:40:38 [32m    LOG[39m [38;5;3m[InstanceLoader] [39m[32mDiscoveryModule dependencies initialized[39m[38;5;3m +0ms[39m
[32m[Nest] 43265  - [39m2026/05/28 23:40:38 [32m    LOG[39m [38;5;3m[InstanceLoader] [39m[32mAppModule dependencies initialized[39m[38;5;3m +0ms[39m
[32m[Nest] 43265  - [39m2026/05/28 23:40:38 [32m    LOG[39m [38;5;3m[InstanceLoader] [39m[32mConfigModule dependencies initialized[39m[38;5;3m +0ms[39m
[32m[Nest] 43265  - [39m2026/05/28 23:40:38 [32m    LOG[39m [38;5;3m[InstanceLoader] [39m[32mEventEmitterModule dependencies initialized[39m[38;5;3m +0ms[39m
[32m[Nest] 43265  - [39m2026/05/28 23:40:38 [32m    LOG[39m [38;5;3m[InstanceLoader] [39m[32mJwtModule dependencies initialized[39m[38;5;3m +0ms[39m
[32m[Nest] 43265  - [39m2026/05/28 23:40:38 [32m    LOG[39m [38;5;3m[InstanceLoader] [39m[32mSystemModule dependencies initialized[39m[38;5;3m +0ms[39m
[32m[Nest] 43265  - [39m2026/05/28 23:40:38 [32m    LOG[39m [38;5;3m[InstanceLoader] [39m[32mWorkflowModule dependencies initialized[39m[38;5;3m +0ms[39m
[32m[Nest] 43265  - [39m2026/05/28 23:40:38 [32m    LOG[39m [38;5;3m[InstanceLoader] [39m[32mAccountModule dependencies initialized[39m[38;5;3m +0ms[39m
[32m[Nest] 43265  - [39m2026/05/28 23:40:38 [32m    LOG[39m [38;5;3m[InstanceLoader] [39m[32mAttendanceModule dependencies initialized[39m[38;5;3m +0ms[39m
[32m[Nest] 43265  - [39m2026/05/28 23:40:38 [32m    LOG[39m [38;5;3m[InstanceLoader] [39m[32mAllocationModule dependencies initialized[39m[38;5;3m +0ms[39m
[32m[Nest] 43265  - [39m2026/05/28 23:40:38 [32m    LOG[39m [38;5;3m[InstanceLoader] [39m[32mSupportModule dependencies initialized[39m[38;5;3m +0ms[39m
[32m[Nest] 43265  - [39m2026/05/28 23:40:38 [32m    LOG[39m [38;5;3m[InstanceLoader] [39m[32mAttendanceRuleGroupModule dependencies initialized[39m[38;5;3m +0ms[39m
[32m[Nest] 43265  - [39m2026/05/28 23:40:38 [32m    LOG[39m [38;5;3m[InstanceLoader] [39m[32mLaborHourReportModule dependencies initialized[39m[38;5;3m +0ms[39m
[32m[Nest] 43265  - [39m2026/05/28 23:40:38 [32m    LOG[39m [38;5;3m[InstanceLoader] [39m[32mAmountModule dependencies initialized[39m[38;5;3m +0ms[39m
[32m[Nest] 43265  - [39m2026/05/28 23:40:38 [32m    LOG[39m [38;5;3m[InstanceLoader] [39m[32mShiftModule dependencies initialized[39m[38;5;3m +0ms[39m
[32m[Nest] 43265  - [39m2026/05/28 23:40:38 [32m    LOG[39m [38;5;3m[InstanceLoader] [39m[32mHrModule dependencies initialized[39m[38;5;3m +0ms[39m
[32m[Nest] 43265  - [39m2026/05/28 23:40:38 [32m    LOG[39m [38;5;3m[InstanceLoader] [39m[32mCalculateModule dependencies initialized[39m[38;5;3m +0ms[39m
[32m[Nest] 43265  - [39m2026/05/28 23:40:38 [32m    LOG[39m [38;5;3m[InstanceLoader] [39m[32mAuthModule dependencies initialized[39m[38;5;3m +1ms[39m
[32m[Nest] 43265  - [39m2026/05/28 23:40:38 [32m    LOG[39m [38;5;3m[InstanceLoader] [39m[32mPunchModule dependencies initialized[39m[38;5;3m +0ms[39m
[32m[Nest] 43265  - [39m2026/05/28 23:40:38 [32m    LOG[39m [38;5;3m[RoutesResolver] [39m[32mAuthController {/api/auth}:[39m[38;5;3m +0ms[39m
[32m[Nest] 43265  - [39m2026/05/28 23:40:38 [32m    LOG[39m [38;5;3m[RouterExplorer] [39m[32mMapped {/api/auth/health, GET} route[39m[38;5;3m +0ms[39m
[32m[Nest] 43265  - [39m2026/05/28 23:40:38 [32m    LOG[39m [38;5;3m[RouterExplorer] [39m[32mMapped {/api/auth/login, POST} route[39m[38;5;3m +0ms[39m
[32m[Nest] 43265  - [39m2026/05/28 23:40:38 [32m    LOG[39m [38;5;3m[RouterExplorer] [39m[32mMapped {/api/auth/logout, POST} route[39m[38;5;3m +0ms[39m
[32m[Nest] 43265  - [39m2026/05/28 23:40:38 [32m    LOG[39m [38;5;3m[RouterExplorer] [39m[32mMapped {/api/auth/profile, GET} route[39m[38;5;3m +0ms[39m
[32m[Nest] 43265  - [39m2026/05/28 23:40:38 [32m    LOG[39m [38;5;3m[RoutesResolver] [39m[32mHrController {/api/hr}:[39m[38;5;3m +0ms[39m
[32m[Nest] 43265  - [39m2026/05/28 23:40:38 [32m    LOG[39m [38;5;3m[RouterExplorer] [39m[32mMapped {/api/hr/organizations, GET} route[39m[38;5;3m +0ms[39m
[32m[Nest] 43265  - [39m2026/05/28 23:40:38 [32m    LOG[39m [38;5;3m[RouterExplorer] [39m[32mMapped {/api/hr/organizations/tree, GET} route[39m[38;5;3m +0ms[39m
[32m[Nest] 43265  - [39m2026/05/28 23:40:38 [32m    LOG[39m [38;5;3m[RouterExplorer] [39m[32mMapped {/api/hr/organizations, POST} route[39m[38;5;3m +0ms[39m
[32m[Nest] 43265  - [39m2026/05/28 23:40:38 [32m    LOG[39m [38;5;3m[RouterExplorer] [39m[32mMapped {/api/hr/organizations/:id, PUT} route[39m[38;5;3m +0ms[39m
[32m[Nest] 43265  - [39m2026/05/28 23:40:38 [32m    LOG[39m [38;5;3m[RouterExplorer] [39m[32mMapped {/api/hr/organizations/:id, DELETE} route[39m[38;5;3m +0ms[39m
[32m[Nest] 43265  - [39m2026/05/28 23:40:38 [32m    LOG[39m [38;5;3m[RouterExplorer] [39m[32mMapped {/api/hr/employees, GET} route[39m[38;5;3m +0ms[39m
[32m[Nest] 43265  - [39m2026/05/28 23:40:38 [32m    LOG[39m [38;5;3m[RouterExplorer] [39m[32mMapped {/api/hr/employees/select-list, GET} route[39m[38;5;3m +0ms[39m
[32m[Nest] 43265  - [39m2026/05/28 23:40:38 [32m    LOG[39m [38;5;3m[RouterExplorer] [39m[32mMapped {/api/hr/employees/next-employee-no, GET} route[39m[38;5;3m +0ms[39m
[32m[Nest] 43265  - [39m2026/05/28 23:40:38 [32m    LOG[39m [38;5;3m[RouterExplorer] [39m[32mMapped {/api/hr/employees/:id, GET} route[39m[38;5;3m +0ms[39m
[32m[Nest] 43265  - [39m2026/05/28 23:40:38 [32m    LOG[39m [38;5;3m[RouterExplorer] [39m[32mMapped {/api/hr/employees/:id/change-logs, GET} route[39m[38;5;3m +0ms[39m
[32m[Nest] 43265  - [39m2026/05/28 23:40:38 [32m    LOG[39m [38;5;3m[RouterExplorer] [39m[32mMapped {/api/hr/employees/:id/work-info-versions, GET} route[39m[38;5;3m +0ms[39m
[32m[Nest] 43265  - [39m2026/05/28 23:40:38 [32m    LOG[39m [38;5;3m[RouterExplorer] [39m[32mMapped {/api/hr/employees/:id/work-info/:version, GET} route[39m[38;5;3m +0ms[39m
[32m[Nest] 43265  - [39m2026/05/28 23:40:38 [32m    LOG[39m [38;5;3m[RouterExplorer] [39m[32mMapped {/api/hr/employees/:id/work-info/current, PUT} route[39m[38;5;3m +0ms[39m
[32m[Nest] 43265  - [39m2026/05/28 23:40:38 [32m    LOG[39m [38;5;3m[RouterExplorer] [39m[32mMapped {/api/hr/employees/:id/work-info-versions, POST} route[39m[38;5;3m +0ms[39m
[32m[Nest] 43265  - [39m2026/05/28 23:40:38 [32m    LOG[39m [38;5;3m[RouterExplorer] [39m[32mMapped {/api/hr/employees/:id/work-info/:historyId, PUT} route[39m[38;5;3m +0ms[39m
[32m[Nest] 43265  - [39m2026/05/28 23:40:38 [32m    LOG[39m [38;5;3m[RouterExplorer] [39m[32mMapped {/api/hr/employees, POST} route[39m[38;5;3m +0ms[39m
[32m[Nest] 43265  - [39m2026/05/28 23:40:38 [32m    LOG[39m [38;5;3m[RouterExplorer] [39m[32mMapped {/api/hr/employees/:id, PUT} route[39m[38;5;3m +0ms[39m
[32m[Nest] 43265  - [39m2026/05/28 23:40:38 [32m    LOG[39m [38;5;3m[RouterExplorer] [39m[32mMapped {/api/hr/employees/:id, DELETE} route[39m[38;5;3m +0ms[39m
[32m[Nest] 43265  - [39m2026/05/28 23:40:38 [32m    LOG[39m [38;5;3m[RouterExplorer] [39m[32mMapped {/api/hr/employees/:id/accounts, GET} route[39m[38;5;3m +0ms[39m
[32m[Nest] 43265  - [39m2026/05/28 23:40:38 [32m    LOG[39m [38;5;3m[RouterExplorer] [39m[32mMapped {/api/hr/employees/:id/accounts/regenerate, POST} route[39m[38;5;3m +0ms[39m
[32m[Nest] 43265  - [39m2026/05/28 23:40:38 [32m    LOG[39m [38;5;3m[RouterExplorer] [39m[32mMapped {/api/hr/custom-fields, GET} route[39m[38;5;3m +0ms[39m
[32m[Nest] 43265  - [39m2026/05/28 23:40:38 [32m    LOG[39m [38;5;3m[RouterExplorer] [39m[32mMapped {/api/hr/employee-info-configs, GET} route[39m[38;5;3m +0ms[39m
[32m[Nest] 43265  - [39m2026/05/28 23:40:38 [32m    LOG[39m [38;5;3m[RouterExplorer] [39m[32mMapped {/api/hr/employee-info-all-fields, GET} route[39m[38;5;3m +0ms[39m
[32m[Nest] 43265  - [39m2026/05/28 23:40:38 [32m    LOG[39m [38;5;3m[RouterExplorer] [39m[32mMapped {/api/hr/custom-fields, POST} route[39m[38;5;3m +0ms[39m
[32m[Nest] 43265  - [39m2026/05/28 23:40:38 [32m    LOG[39m [38;5;3m[RouterExplorer] [39m[32mMapped {/api/hr/custom-fields/:id, PUT} route[39m[38;5;3m +0ms[39m
[32m[Nest] 43265  - [39m2026/05/28 23:40:38 [32m    LOG[39m [38;5;3m[RouterExplorer] [39m[32mMapped {/api/hr/custom-fields/:id, DELETE} route[39m[38;5;3m +0ms[39m
[32m[Nest] 43265  - [39m2026/05/28 23:40:38 [32m    LOG[39m [38;5;3m[RouterExplorer] [39m[32mMapped {/api/hr/org-types, GET} route[39m[38;5;3m +0ms[39m
[32m[Nest] 43265  - [39m2026/05/28 23:40:38 [32m    LOG[39m [38;5;3m[RouterExplorer] [39m[32mMapped {/api/hr/org-types, POST} route[39m[38;5;3m +0ms[39m
[32m[Nest] 43265  - [39m2026/05/28 23:40:38 [32m    LOG[39m [38;5;3m[RouterExplorer] [39m[32mMapped {/api/hr/org-types/:id, PUT} route[39m[38;5;3m +0ms[39m
[32m[Nest] 43265  - [39m2026/05/28 23:40:38 [32m    LOG[39m [38;5;3m[RouterExplorer] [39m[32mMapped {/api/hr/org-types/:id, DELETE} route[39m[38;5;3m +0ms[39m
[32m[Nest] 43265  - [39m2026/05/28 23:40:38 [32m    LOG[39m [38;5;3m[RouterExplorer] [39m[32mMapped {/api/hr/data-sources, GET} route[39m[38;5;3m +0ms[39m
[32m[Nest] 43265  - [39m2026/05/28 23:40:38 [32m    LOG[39m [38;5;3m[RouterExplorer] [39m[32mMapped {/api/hr/data-sources, POST} route[39m[38;5;3m +0ms[39m
[32m[Nest] 43265  - [39m2026/05/28 23:40:38 [32m    LOG[39m [38;5;3m[RouterExplorer] [39m[32mMapped {/api/hr/data-sources/:id, PUT} route[39m[38;5;3m +0ms[39m
[32m[Nest] 43265  - [39m2026/05/28 23:40:38 [32m    LOG[39m [38;5;3m[RouterExplorer] [39m[32mMapped {/api/hr/data-sources/:id, DELETE} route[39m[38;5;3m +0ms[39m
[32m[Nest] 43265  - [39m2026/05/28 23:40:38 [32m    LOG[39m [38;5;3m[RouterExplorer] [39m[32mMapped {/api/hr/data-sources/:id/options, GET} route[39m[38;5;3m +0ms[39m
[32m[Nest] 43265  - [39m2026/05/28 23:40:38 [32m    LOG[39m [38;5;3m[RouterExplorer] [39m[32mMapped {/api/hr/data-sources/:id/options, POST} route[39m[38;5;3m +0ms[39m
[32m[Nest] 43265  - [39m2026/05/28 23:40:38 [32m    LOG[39m [38;5;3m[RouterExplorer] [39m[32mMapped {/api/hr/data-sources/:dataSourceId/options/:id, PUT} route[39m[38;5;3m +0ms[39m
[32m[Nest] 43265  - [39m2026/05/28 23:40:38 [32m    LOG[39m [38;5;3m[RouterExplorer] [39m[32mMapped {/api/hr/data-sources/:dataSourceId/options/:id, DELETE} route[39m[38;5;3m +0ms[39m
[32m[Nest] 43265  - [39m2026/05/28 23:40:38 [32m    LOG[39m [38;5;3m[RouterExplorer] [39m[32mMapped {/api/hr/search-condition-configs, GET} route[39m[38;5;3m +0ms[39m
[32m[Nest] 43265  - [39m2026/05/28 23:40:38 [32m    LOG[39m [38;5;3m[RouterExplorer] [39m[32mMapped {/api/hr/search-condition-configs, POST} route[39m[38;5;3m +0ms[39m
[32m[Nest] 43265  - [39m2026/05/28 23:40:38 [32m    LOG[39m [38;5;3m[RouterExplorer] [39m[32mMapped {/api/hr/search-condition-configs/:id, PUT} route[39m[38;5;3m +0ms[39m
[32m[Nest] 43265  - [39m2026/05/28 23:40:38 [32m    LOG[39m [38;5;3m[RouterExplorer] [39m[32mMapped {/api/hr/search-condition-configs/:id, DELETE} route[39m[38;5;3m +1ms[39m
[32m[Nest] 43265  - [39m2026/05/28 23:40:38 [32m    LOG[39m [38;5;3m[RouterExplorer] [39m[32mMapped {/api/hr/search-condition-configs/batch, POST} route[39m[38;5;3m +0ms[39m
[32m[Nest] 43265  - [39m2026/05/28 23:40:38 [32m    LOG[39m [38;5;3m[RouterExplorer] [39m[32mMapped {/api/hr/unified-search-condition-configs, GET} route[39m[38;5;3m +0ms[39m
[32m[Nest] 43265  - [39m2026/05/28 23:40:38 [32m    LOG[39m [38;5;3m[RouterExplorer] [39m[32mMapped {/api/hr/unified-search-condition-configs/available-fields, GET} route[39m[38;5;3m +0ms[39m
[32m[Nest] 43265  - [39m2026/05/28 23:40:38 [32m    LOG[39m [38;5;3m[RouterExplorer] [39m[32mMapped {/api/hr/unified-search-condition-configs, POST} route[39m[38;5;3m +0ms[39m
[32m[Nest] 43265  - [39m2026/05/28 23:40:38 [32m    LOG[39m [38;5;3m[RouterExplorer] [39m[32mMapped {/api/hr/unified-search-condition-configs/:id, PUT} route[39m[38;5;3m +0ms[39m
[32m[Nest] 43265  - [39m2026/05/28 23:40:38 [32m    LOG[39m [38;5;3m[RouterExplorer] [39m[32mMapped {/api/hr/unified-search-condition-configs/:id, DELETE} route[39m[38;5;3m +0ms[39m
[32m[Nest] 43265  - [39m2026/05/28 23:40:38 [32m    LOG[39m [38;5;3m[RouterExplorer] [39m[32mMapped {/api/hr/unified-search-condition-configs/batch, POST} route[39m[38;5;3m +0ms[39m
[32m[Nest] 43265  - [39m2026/05/28 23:40:38 [32m    LOG[39m [38;5;3m[RouterExplorer] [39m[32mMapped {/api/hr/system-configs, GET} route[39m[38;5;3m +0ms[39m
[32m[Nest] 43265  - [39m2026/05/28 23:40:38 [32m    LOG[39m [38;5;3m[RouterExplorer] [39m[32mMapped {/api/hr/system-configs/:key, GET} route[39m[38;5;3m +0ms[39m
[32m[Nest] 43265  - [39m2026/05/28 23:40:38 [32m    LOG[39m [38;5;3m[RouterExplorer] [39m[32mMapped {/api/hr/system-configs, POST} route[39m[38;5;3m +0ms[39m
[32m[Nest] 43265  - [39m2026/05/28 23:40:38 [32m    LOG[39m [38;5;3m[RouterExplorer] [39m[32mMapped {/api/hr/system-configs/:key, PUT} route[39m[38;5;3m +0ms[39m
[32m[Nest] 43265  - [39m2026/05/28 23:40:38 [32m    LOG[39m [38;5;3m[RouterExplorer] [39m[32mMapped {/api/hr/system-configs/:key, DELETE} route[39m[38;5;3m +0ms[39m
[32m[Nest] 43265  - [39m2026/05/28 23:40:38 [32m    LOG[39m [38;5;3m[RouterExplorer] [39m[32mMapped {/api/hr/organizations/by-hierarchy-level/:hierarchyLevelId, GET} route[39m[38;5;3m +0ms[39m
[32m[Nest] 43265  - [39m2026/05/28 23:40:38 [32m    LOG[39m [38;5;3m[RouterExplorer] [39m[32mMapped {/api/hr/employees/:id/work-info-history, GET} route[39m[38;5;3m +0ms[39m
[32m[Nest] 43265  - [39m2026/05/28 23:40:38 [32m    LOG[39m [38;5;3m[RouterExplorer] [39m[32mMapped {/api/hr/employees/:id/work-info-history, POST} route[39m[38;5;3m +0ms[39m
[32m[Nest] 43265  - [39m2026/05/28 23:40:38 [32m    LOG[39m [38;5;3m[RouterExplorer] [39m[32mMapped {/api/hr/employees/:id/work-info-changes, POST} route[39m[38;5;3m +0ms[39m
[32m[Nest] 43265  - [39m2026/05/28 23:40:38 [32m    LOG[39m [38;5;3m[RouterExplorer] [39m[32mMapped {/api/hr/work-info-history/:id, PUT} route[39m[38;5;3m +0ms[39m
[32m[Nest] 43265  - [39m2026/05/28 23:40:38 [32m    LOG[39m [38;5;3m[RouterExplorer] [39m[32mMapped {/api/hr/work-info-history/:id, DELETE} route[39m[38;5;3m +0ms[39m
[32m[Nest] 43265  - [39m2026/05/28 23:40:38 [32m    LOG[39m [38;5;3m[RouterExplorer] [39m[32mMapped {/api/hr/employees/:id/educations, GET} route[39m[38;5;3m +0ms[39m
[32m[Nest] 43265  - [39m2026/05/28 23:40:38 [32m    LOG[39m [38;5;3m[RouterExplorer] [39m[32mMapped {/api/hr/employees/:id/educations, POST} route[39m[38;5;3m +0ms[39m
[32m[Nest] 43265  - [39m2026/05/28 23:40:38 [32m    LOG[39m [38;5;3m[RouterExplorer] [39m[32mMapped {/api/hr/educations/:id, PUT} route[39m[38;5;3m +0ms[39m
[32m[Nest] 43265  - [39m2026/05/28 23:40:38 [32m    LOG[39m [38;5;3m[RouterExplorer] [39m[32mMapped {/api/hr/educations/:id, DELETE} route[39m[38;5;3m +0ms[39m
[32m[Nest] 43265  - [39m2026/05/28 23:40:38 [32m    LOG[39m [38;5;3m[RouterExplorer] [39m[32mMapped {/api/hr/employees/:id/work-experiences, GET} route[39m[38;5;3m +0ms[39m
[32m[Nest] 43265  - [39m2026/05/28 23:40:38 [32m    LOG[39m [38;5;3m[RouterExplorer] [39m[32mMapped {/api/hr/employees/:id/work-experiences, POST} route[39m[38;5;3m +0ms[39m
[32m[Nest] 43265  - [39m2026/05/28 23:40:38 [32m    LOG[39m [38;5;3m[RouterExplorer] [39m[32mMapped {/api/hr/work-experiences/:id, PUT} route[39m[38;5;3m +0ms[39m
[32m[Nest] 43265  - [39m2026/05/28 23:40:38 [32m    LOG[39m [38;5;3m[RouterExplorer] [39m[32mMapped {/api/hr/work-experiences/:id, DELETE} route[39m[38;5;3m +0ms[39m
[32m[Nest] 43265  - [39m2026/05/28 23:40:38 [32m    LOG[39m [38;5;3m[RouterExplorer] [39m[32mMapped {/api/hr/employees/:id/family-members, GET} route[39m[38;5;3m +0ms[39m
[32m[Nest] 43265  - [39m2026/05/28 23:40:38 [32m    LOG[39m [38;5;3m[RouterExplorer] [39m[32mMapped {/api/hr/employees/:id/family-members, POST} route[39m[38;5;3m +0ms[39m
[32m[Nest] 43265  - [39m2026/05/28 23:40:38 [32m    LOG[39m [38;5;3m[RouterExplorer] [39m[32mMapped {/api/hr/family-members/:id, PUT} route[39m[38;5;3m +0ms[39m
[32m[Nest] 43265  - [39m2026/05/28 23:40:38 [32m    LOG[39m [38;5;3m[RouterExplorer] [39m[32mMapped {/api/hr/family-members/:id, DELETE} route[39m[38;5;3m +0ms[39m
[32m[Nest] 43265  - [39m2026/05/28 23:40:38 [32m    LOG[39m [38;5;3m[RouterExplorer] [39m[32mMapped {/api/hr/processes, GET} route[39m[38;5;3m +0ms[39m
[32m[Nest] 43265  - [39m2026/05/28 23:40:38 [32m    LOG[39m [38;5;3m[RouterExplorer] [39m[32mMapped {/api/hr/processes/:id, GET} route[39m[38;5;3m +0ms[39m
[32m[Nest] 43265  - [39m2026/05/28 23:40:38 [32m    LOG[39m [38;5;3m[RouterExplorer] [39m[32mMapped {/api/hr/processes, POST} route[39m[38;5;3m +0ms[39m
[32m[Nest] 43265  - [39m2026/05/28 23:40:38 [32m    LOG[39m [38;5;3m[RouterExplorer] [39m[32mMapped {/api/hr/processes/:id, PUT} route[39m[38;5;3m +0ms[39m
[32m[Nest] 43265  - [39m2026/05/28 23:40:38 [32m    LOG[39m [38;5;3m[RouterExplorer] [39m[32mMapped {/api/hr/processes/:id, DELETE} route[39m[38;5;3m +0ms[39m
[32m[Nest] 43265  - [39m2026/05/28 23:40:38 [32m    LOG[39m [38;5;3m[RoutesResolver] [39m[32mEmployeeInfoTabController {/api/hr/employee-info-tabs}:[39m[38;5;3m +0ms[39m
[32m[Nest] 43265  - [39m2026/05/28 23:40:38 [32m    LOG[39m [38;5;3m[RouterExplorer] [39m[32mMapped {/api/hr/employee-info-tabs, GET} route[39m[38;5;3m +0ms[39m
[32m[Nest] 43265  - [39m2026/05/28 23:40:38 [32m    LOG[39m [38;5;3m[RouterExplorer] [39m[32mMapped {/api/hr/employee-info-tabs/for-display, GET} route[39m[38;5;3m +0ms[39m
[32m[Nest] 43265  - [39m2026/05/28 23:40:38 [32m    LOG[39m [38;5;3m[RouterExplorer] [39m[32mMapped {/api/hr/employee-info-tabs/:id, GET} route[39m[38;5;3m +0ms[39m
[32m[Nest] 43265  - [39m2026/05/28 23:40:38 [32m    LOG[39m [38;5;3m[RouterExplorer] [39m[32mMapped {/api/hr/employee-info-tabs, POST} route[39m[38;5;3m +0ms[39m
[32m[Nest] 43265  - [39m2026/05/28 23:40:38 [32m    LOG[39m [38;5;3m[RouterExplorer] [39m[32mMapped {/api/hr/employee-info-tabs/:id, PUT} route[39m[38;5;3m +0ms[39m
[32m[Nest] 43265  - [39m2026/05/28 23:40:38 [32m    LOG[39m [38;5;3m[RouterExplorer] [39m[32mMapped {/api/hr/employee-info-tabs/:id, DELETE} route[39m[38;5;3m +0ms[39m
[32m[Nest] 43265  - [39m2026/05/28 23:40:38 [32m    LOG[39m [38;5;3m[RouterExplorer] [39m[32mMapped {/api/hr/employee-info-tabs/:id/groups, GET} route[39m[38;5;3m +0ms[39m
[32m[Nest] 43265  - [39m2026/05/28 23:40:38 [32m    LOG[39m [38;5;3m[RouterExplorer] [39m[32mMapped {/api/hr/employee-info-tabs/:id/groups, POST} route[39m[38;5;3m +0ms[39m
[32m[Nest] 43265  - [39m2026/05/28 23:40:38 [32m    LOG[39m [38;5;3m[RouterExplorer] [39m[32mMapped {/api/hr/employee-info-tabs/groups/:groupId, PUT} route[39m[38;5;3m +1ms[39m
[32m[Nest] 43265  - [39m2026/05/28 23:40:38 [32m    LOG[39m [38;5;3m[RouterExplorer] [39m[32mMapped {/api/hr/employee-info-tabs/groups/:groupId, DELETE} route[39m[38;5;3m +0ms[39m
[32m[Nest] 43265  - [39m2026/05/28 23:40:38 [32m    LOG[39m [38;5;3m[RouterExplorer] [39m[32mMapped {/api/hr/employee-info-tabs/groups/:groupId/toggle-collapsed, PUT} route[39m[38;5;3m +0ms[39m
[32m[Nest] 43265  - [39m2026/05/28 23:40:38 [32m    LOG[39m [38;5;3m[RouterExplorer] [39m[32mMapped {/api/hr/employee-info-tabs/:id/groups/reorder, PUT} route[39m[38;5;3m +0ms[39m
[32m[Nest] 43265  - [39m2026/05/28 23:40:38 [32m    LOG[39m [38;5;3m[RouterExplorer] [39m[32mMapped {/api/hr/employee-info-tabs/:id/fields, POST} route[39m[38;5;3m +0ms[39m
[32m[Nest] 43265  - [39m2026/05/28 23:40:38 [32m    LOG[39m [38;5;3m[RouterExplorer] [39m[32mMapped {/api/hr/employee-info-tabs/:id/fields/reorder, PUT} route[39m[38;5;3m +0ms[39m
[32m[Nest] 43265  - [39m2026/05/28 23:40:38 [32m    LOG[39m [38;5;3m[RouterExplorer] [39m[32mMapped {/api/hr/employee-info-tabs/:tabId/fields/:id, PUT} route[39m[38;5;3m +0ms[39m
[32m[Nest] 43265  - [39m2026/05/28 23:40:38 [32m    LOG[39m [38;5;3m[RouterExplorer] [39m[32mMapped {/api/hr/employee-info-tabs/:tabId/fields/:id, DELETE} route[39m[38;5;3m +0ms[39m
[32m[Nest] 43265  - [39m2026/05/28 23:40:38 [32m    LOG[39m [38;5;3m[RouterExplorer] [39m[32mMapped {/api/hr/employee-info-tabs/fields/:fieldId/move-to-group, PUT} route[39m[38;5;3m +0ms[39m
[32m[Nest] 43265  - [39m2026/05/28 23:40:38 [32m    LOG[39m [38;5;3m[RoutesResolver] [39m[32mAccountController {/api/account}:[39m[38;5;3m +0ms[39m
[32m[Nest] 43265  - [39m2026/05/28 23:40:38 [32m    LOG[39m [38;5;3m[RouterExplorer] [39m[32mMapped {/api/account/hierarchy-config/levels, GET} route[39m[38;5;3m +0ms[39m
[32m[Nest] 43265  - [39m2026/05/28 23:40:38 [32m    LOG[39m [38;5;3m[RouterExplorer] [39m[32mMapped {/api/account/hierarchy-config/levels/with-details, GET} route[39m[38;5;3m +0ms[39m
[32m[Nest] 43265  - [39m2026/05/28 23:40:38 [32m    LOG[39m [38;5;3m[RouterExplorer] [39m[32mMapped {/api/account/hierarchy-config/levels/:id/refresh-details, POST} route[39m[38;5;3m +0ms[39m
[32m[Nest] 43265  - [39m2026/05/28 23:40:38 [32m    LOG[39m [38;5;3m[RouterExplorer] [39m[32mMapped {/api/account/hierarchy-config/refresh-all-details, POST} route[39m[38;5;3m +0ms[39m
[32m[Nest] 43265  - [39m2026/05/28 23:40:38 [32m    LOG[39m [38;5;3m[RouterExplorer] [39m[32mMapped {/api/account/hierarchy-config/levels, POST} route[39m[38;5;3m +0ms[39m
[32m[Nest] 43265  - [39m2026/05/28 23:40:38 [32m    LOG[39m [38;5;3m[RouterExplorer] [39m[32mMapped {/api/account/hierarchy-config/levels/:id, PUT} route[39m[38;5;3m +0ms[39m
[32m[Nest] 43265  - [39m2026/05/28 23:40:38 [32m    LOG[39m [38;5;3m[RouterExplorer] [39m[32mMapped {/api/account/hierarchy-config/levels/:id, DELETE} route[39m[38;5;3m +0ms[39m
[32m[Nest] 43265  - [39m2026/05/28 23:40:38 [32m    LOG[39m [38;5;3m[RouterExplorer] [39m[32mMapped {/api/account/hierarchy-config/levels/all, DELETE} route[39m[38;5;3m +0ms[39m
[32m[Nest] 43265  - [39m2026/05/28 23:40:38 [32m    LOG[39m [38;5;3m[RouterExplorer] [39m[32mMapped {/api/account/hierarchy-config/levels/batch, POST} route[39m[38;5;3m +0ms[39m
[32m[Nest] 43265  - [39m2026/05/28 23:40:38 [32m    LOG[39m [38;5;3m[RouterExplorer] [39m[32mMapped {/api/account/accounts, GET} route[39m[38;5;3m +0ms[39m
[32m[Nest] 43265  - [39m2026/05/28 23:40:38 [32m    LOG[39m [38;5;3m[RouterExplorer] [39m[32mMapped {/api/account/accounts, POST} route[39m[38;5;3m +0ms[39m
[32m[Nest] 43265  - [39m2026/05/28 23:40:38 [32m    LOG[39m [38;5;3m[RouterExplorer] [39m[32mMapped {/api/account/accounts/tree, GET} route[39m[38;5;3m +0ms[39m
[32m[Nest] 43265  - [39m2026/05/28 23:40:38 [32m    LOG[39m [38;5;3m[RouterExplorer] [39m[32mMapped {/api/account/accounts/:id, GET} route[39m[38;5;3m +0ms[39m
[32m[Nest] 43265  - [39m2026/05/28 23:40:38 [32m    LOG[39m [38;5;3m[RouterExplorer] [39m[32mMapped {/api/account/accounts/generate/:employeeId, POST} route[39m[38;5;3m +0ms[39m
[32m[Nest] 43265  - [39m2026/05/28 23:40:38 [32m    LOG[39m [38;5;3m[RoutesResolver] [39m[32mSystemController {/api/system}:[39m[38;5;3m +0ms[39m
[32m[Nest] 43265  - [39m2026/05/28 23:40:38 [32m    LOG[39m [38;5;3m[RouterExplorer] [39m[32mMapped {/api/system/users, GET} route[39m[38;5;3m +0ms[39m
[32m[Nest] 43265  - [39m2026/05/28 23:40:38 [32m    LOG[39m [38;5;3m[RouterExplorer] [39m[32mMapped {/api/system/users/:id, GET} route[39m[38;5;3m +0ms[39m
[32m[Nest] 43265  - [39m2026/05/28 23:40:38 [32m    LOG[39m [38;5;3m[RouterExplorer] [39m[32mMapped {/api/system/users, POST} route[39m[38;5;3m +0ms[39m
[32m[Nest] 43265  - [39m2026/05/28 23:40:38 [32m    LOG[39m [38;5;3m[RouterExplorer] [39m[32mMapped {/api/system/users/:id, PUT} route[39m[38;5;3m +0ms[39m
[32m[Nest] 43265  - [39m2026/05/28 23:40:38 [32m    LOG[39m [38;5;3m[RouterExplorer] [39m[32mMapped {/api/system/users/:id, DELETE} route[39m[38;5;3m +0ms[39m
[32m[Nest] 43265  - [39m2026/05/28 23:40:38 [32m    LOG[39m [38;5;3m[RouterExplorer] [39m[32mMapped {/api/system/roles, GET} route[39m[38;5;3m +0ms[39m
[32m[Nest] 43265  - [39m2026/05/28 23:40:38 [32m    LOG[39m [38;5;3m[RouterExplorer] [39m[32mMapped {/api/system/roles/:id, GET} route[39m[38;5;3m +0ms[39m
[32m[Nest] 43265  - [39m2026/05/28 23:40:38 [32m    LOG[39m [38;5;3m[RouterExplorer] [39m[32mMapped {/api/system/roles, POST} route[39m[38;5;3m +0ms[39m
[32m[Nest] 43265  - [39m2026/05/28 23:40:38 [32m    LOG[39m [38;5;3m[RouterExplorer] [39m[32mMapped {/api/system/roles/:id, PUT} route[39m[38;5;3m +0ms[39m
[32m[Nest] 43265  - [39m2026/05/28 23:40:38 [32m    LOG[39m [38;5;3m[RouterExplorer] [39m[32mMapped {/api/system/roles/:id, DELETE} route[39m[38;5;3m +0ms[39m
[32m[Nest] 43265  - [39m2026/05/28 23:40:38 [32m    LOG[39m [38;5;3m[RouterExplorer] [39m[32mMapped {/api/system/dashboard/stats, GET} route[39m[38;5;3m +0ms[39m
[32m[Nest] 43265  - [39m2026/05/28 23:40:38 [32m    LOG[39m [38;5;3m[RoutesResolver] [39m[32mPunchController {/api/punch}:[39m[38;5;3m +0ms[39m
[32m[Nest] 43265  - [39m2026/05/28 23:40:38 [32m    LOG[39m [38;5;3m[RouterExplorer] [39m[32mMapped {/api/punch/devices, GET} route[39m[38;5;3m +0ms[39m
[32m[Nest] 43265  - [39m2026/05/28 23:40:38 [32m    LOG[39m [38;5;3m[RouterExplorer] [39m[32mMapped {/api/punch/devices, POST} route[39m[38;5;3m +0ms[39m
[32m[Nest] 43265  - [39m2026/05/28 23:40:38 [32m    LOG[39m [38;5;3m[RouterExplorer] [39m[32mMapped {/api/punch/devices/:id, PUT} route[39m[38;5;3m +0ms[39m
[32m[Nest] 43265  - [39m2026/05/28 23:40:38 [32m    LOG[39m [38;5;3m[RouterExplorer] [39m[32mMapped {/api/punch/devices/:id, DELETE} route[39m[38;5;3m +0ms[39m
[32m[Nest] 43265  - [39m2026/05/28 23:40:38 [32m    LOG[39m [38;5;3m[RouterExplorer] [39m[32mMapped {/api/punch/devices/:id/bind-accounts, POST} route[39m[38;5;3m +0ms[39m
[32m[Nest] 43265  - [39m2026/05/28 23:40:38 [32m    LOG[39m [38;5;3m[RouterExplorer] [39m[32mMapped {/api/punch/records, GET} route[39m[38;5;3m +0ms[39m
[32m[Nest] 43265  - [39m2026/05/28 23:40:38 [32m    LOG[39m [38;5;3m[RouterExplorer] [39m[32mMapped {/api/punch/records, POST} route[39m[38;5;3m +0ms[39m
[32m[Nest] 43265  - [39m2026/05/28 23:40:38 [32m    LOG[39m [38;5;3m[RouterExplorer] [39m[32mMapped {/api/punch/records/:id, PUT} route[39m[38;5;3m +0ms[39m
[32m[Nest] 43265  - [39m2026/05/28 23:40:38 [32m    LOG[39m [38;5;3m[RouterExplorer] [39m[32mMapped {/api/punch/records/:id, DELETE} route[39m[38;5;3m +0ms[39m
[32m[Nest] 43265  - [39m2026/05/28 23:40:38 [32m    LOG[39m [38;5;3m[RouterExplorer] [39m[32mMapped {/api/punch/records/import, POST} route[39m[38;5;3m +0ms[39m
[32m[Nest] 43265  - [39m2026/05/28 23:40:38 [32m    LOG[39m [38;5;3m[RouterExplorer] [39m[32mMapped {/api/punch/records/exceptions, GET} route[39m[38;5;3m +0ms[39m
[32m[Nest] 43265  - [39m2026/05/28 23:40:38 [32m    LOG[39m [38;5;3m[RouterExplorer] [39m[32mMapped {/api/punch/device-groups, GET} route[39m[38;5;3m +0ms[39m
[32m[Nest] 43265  - [39m2026/05/28 23:40:38 [32m    LOG[39m [38;5;3m[RouterExplorer] [39m[32mMapped {/api/punch/device-groups/:id, GET} route[39m[38;5;3m +0ms[39m
[32m[Nest] 43265  - [39m2026/05/28 23:40:38 [32m    LOG[39m [38;5;3m[RouterExplorer] [39m[32mMapped {/api/punch/device-groups, POST} route[39m[38;5;3m +0ms[39m
[32m[Nest] 43265  - [39m2026/05/28 23:40:38 [32m    LOG[39m [38;5;3m[RouterExplorer] [39m[32mMapped {/api/punch/device-groups/:id, PUT} route[39m[38;5;3m +1ms[39m
[32m[Nest] 43265  - [39m2026/05/28 23:40:38 [32m    LOG[39m [38;5;3m[RouterExplorer] [39m[32mMapped {/api/punch/device-groups/:id, DELETE} route[39m[38;5;3m +0ms[39m
[32m[Nest] 43265  - [39m2026/05/28 23:40:38 [32m    LOG[39m [38;5;3m[RouterExplorer] [39m[32mMapped {/api/punch/device-groups/:id/add-devices, POST} route[39m[38;5;3m +0ms[39m
[32m[Nest] 43265  - [39m2026/05/28 23:40:38 [32m    LOG[39m [38;5;3m[RouterExplorer] [39m[32mMapped {/api/punch/device-groups/remove-devices, POST} route[39m[38;5;3m +0ms[39m
[32m[Nest] 43265  - [39m2026/05/28 23:40:38 [32m    LOG[39m [38;5;3m[RouterExplorer] [39m[32mMapped {/api/punch/pairing/single, POST} route[39m[38;5;3m +0ms[39m
[32m[Nest] 43265  - [39m2026/05/28 23:40:38 [32m    LOG[39m [38;5;3m[RouterExplorer] [39m[32mMapped {/api/punch/pairing/batch, POST} route[39m[38;5;3m +0ms[39m
[32m[Nest] 43265  - [39m2026/05/28 23:40:38 [32m    LOG[39m [38;5;3m[RouterExplorer] [39m[32mMapped {/api/punch/pairing/results, GET} route[39m[38;5;3m +0ms[39m
[32m[Nest] 43265  - [39m2026/05/28 23:40:38 [32m    LOG[39m [38;5;3m[RouterExplorer] [39m[32mMapped {/api/punch/pairing/results/:id, DELETE} route[39m[38;5;3m +0ms[39m
[32m[Nest] 43265  - [39m2026/05/28 23:40:38 [32m    LOG[39m [38;5;3m[RouterExplorer] [39m[32mMapped {/api/punch/pairs/:id, PUT} route[39m[38;5;3m +0ms[39m
[32m[Nest] 43265  - [39m2026/05/28 23:40:38 [32m    LOG[39m [38;5;3m[RouterExplorer] [39m[32mMapped {/api/punch/pairs/supplement, POST} route[39m[38;5;3m +0ms[39m
[32m[Nest] 43265  - [39m2026/05/28 23:40:38 [32m    LOG[39m [38;5;3m[RouterExplorer] [39m[32mMapped {/api/punch/pairing/trigger/:recordId, POST} route[39m[38;5;3m +0ms[39m
[32m[Nest] 43265  - [39m2026/05/28 23:40:38 [32m    LOG[39m [38;5;3m[RouterExplorer] [39m[32mMapped {/api/punch/attendance-punch/collect, POST} route[39m[38;5;3m +0ms[39m
[32m[Nest] 43265  - [39m2026/05/28 23:40:38 [32m    LOG[39m [38;5;3m[RouterExplorer] [39m[32mMapped {/api/punch/attendance-punch/collect-batch, POST} route[39m[38;5;3m +0ms[39m
[32m[Nest] 43265  - [39m2026/05/28 23:40:38 [32m    LOG[39m [38;5;3m[RouterExplorer] [39m[32mMapped {/api/punch/attendance-punch/results, GET} route[39m[38;5;3m +0ms[39m
[32m[Nest] 43265  - [39m2026/05/28 23:40:38 [32m    LOG[39m [38;5;3m[RouterExplorer] [39m[32mMapped {/api/punch/attendance-punch/results/:id, GET} route[39m[38;5;3m +0ms[39m
[32m[Nest] 43265  - [39m2026/05/28 23:40:38 [32m    LOG[39m [38;5;3m[RouterExplorer] [39m[32mMapped {/api/punch/attendance-punch/trigger-for-employee, POST} route[39m[38;5;3m +0ms[39m
[32m[Nest] 43265  - [39m2026/05/28 23:40:38 [32m    LOG[39m [38;5;3m[RouterExplorer] [39m[32mMapped {/api/punch/attendance-punch/trigger-schedule-change, POST} route[39m[38;5;3m +0ms[39m
[32m[Nest] 43265  - [39m2026/05/28 23:40:38 [32m    LOG[39m [38;5;3m[RouterExplorer] [39m[32mMapped {/api/punch/attendance-punch/trigger-punch-change, POST} route[39m[38;5;3m +0ms[39m
[32m[Nest] 43265  - [39m2026/05/28 23:40:38 [32m    LOG[39m [38;5;3m[RoutesResolver] [39m[32mCalculateController {/api/calculate}:[39m[38;5;3m +0ms[39m
[32m[Nest] 43265  - [39m2026/05/28 23:40:38 [32m    LOG[39m [38;5;3m[RouterExplorer] [39m[32mMapped {/api/calculate/punch-rules, GET} route[39m[38;5;3m +0ms[39m
[32m[Nest] 43265  - [39m2026/05/28 23:40:38 [32m    LOG[39m [38;5;3m[RouterExplorer] [39m[32mMapped {/api/calculate/punch-rules/new-code, GET} route[39m[38;5;3m +0ms[39m
[32m[Nest] 43265  - [39m2026/05/28 23:40:38 [32m    LOG[39m [38;5;3m[RouterExplorer] [39m[32mMapped {/api/calculate/punch-rules, POST} route[39m[38;5;3m +0ms[39m
[32m[Nest] 43265  - [39m2026/05/28 23:40:38 [32m    LOG[39m [38;5;3m[RouterExplorer] [39m[32mMapped {/api/calculate/punch-rules/:id, PUT} route[39m[38;5;3m +0ms[39m
[32m[Nest] 43265  - [39m2026/05/28 23:40:38 [32m    LOG[39m [38;5;3m[RouterExplorer] [39m[32mMapped {/api/calculate/punch-rules/:id, DELETE} route[39m[38;5;3m +0ms[39m
[32m[Nest] 43265  - [39m2026/05/28 23:40:38 [32m    LOG[39m [38;5;3m[RouterExplorer] [39m[32mMapped {/api/calculate/calc-rules, GET} route[39m[38;5;3m +0ms[39m
[32m[Nest] 43265  - [39m2026/05/28 23:40:38 [32m    LOG[39m [38;5;3m[RouterExplorer] [39m[32mMapped {/api/calculate/calc-rules, POST} route[39m[38;5;3m +0ms[39m
[32m[Nest] 43265  - [39m2026/05/28 23:40:38 [32m    LOG[39m [38;5;3m[RouterExplorer] [39m[32mMapped {/api/calculate/calc-rules/:id, PUT} route[39m[38;5;3m +0ms[39m
[32m[Nest] 43265  - [39m2026/05/28 23:40:38 [32m    LOG[39m [38;5;3m[RouterExplorer] [39m[32mMapped {/api/calculate/calc-rules/:id, DELETE} route[39m[38;5;3m +0ms[39m
[32m[Nest] 43265  - [39m2026/05/28 23:40:38 [32m    LOG[39m [38;5;3m[RouterExplorer] [39m[32mMapped {/api/calculate/calculate, POST} route[39m[38;5;3m +0ms[39m
[32m[Nest] 43265  - [39m2026/05/28 23:40:38 [32m    LOG[39m [38;5;3m[RouterExplorer] [39m[32mMapped {/api/calculate/calculate/batch, POST} route[39m[38;5;3m +0ms[39m
[32m[Nest] 43265  - [39m2026/05/28 23:40:38 [32m    LOG[39m [38;5;3m[RouterExplorer] [39m[32mMapped {/api/calculate/results, GET} route[39m[38;5;3m +0ms[39m
[32m[Nest] 43265  - [39m2026/05/28 23:40:38 [32m    LOG[39m [38;5;3m[RouterExplorer] [39m[32mMapped {/api/calculate/results/:id, GET} route[39m[38;5;3m +0ms[39m
[32m[Nest] 43265  - [39m2026/05/28 23:40:38 [32m    LOG[39m [38;5;3m[RouterExplorer] [39m[32mMapped {/api/calculate/results/:id/correct, PUT} route[39m[38;5;3m +0ms[39m
[32m[Nest] 43265  - [39m2026/05/28 23:40:38 [32m    LOG[39m [38;5;3m[RouterExplorer] [39m[32mMapped {/api/calculate/work-hours/push, POST} route[39m[38;5;3m +0ms[39m
[32m[Nest] 43265  - [39m2026/05/28 23:40:38 [32m    LOG[39m [38;5;3m[RouterExplorer] [39m[32mMapped {/api/calculate/attendance-work-hours/calculate, POST} route[39m[38;5;3m +0ms[39m
[32m[Nest] 43265  - [39m2026/05/28 23:40:38 [32m    LOG[39m [38;5;3m[RouterExplorer] [39m[32mMapped {/api/calculate/attendance-work-hours/calculate-batch, POST} route[39m[38;5;3m +0ms[39m
[32m[Nest] 43265  - [39m2026/05/28 23:40:38 [32m    LOG[39m [38;5;3m[RouterExplorer] [39m[32mMapped {/api/calculate/attendance-work-hours/calculate-by-date-range, POST} route[39m[38;5;3m +0ms[39m
[32m[Nest] 43265  - [39m2026/05/28 23:40:38 [32m    LOG[39m [38;5;3m[RouterExplorer] [39m[32mMapped {/api/calculate/attendance-work-hours/batch/:batchId, DELETE} route[39m[38;5;3m +0ms[39m
[32m[Nest] 43265  - [39m2026/05/28 23:40:38 [32m    LOG[39m [38;5;3m[RouterExplorer] [39m[32mMapped {/api/calculate/work-hour-results, GET} route[39m[38;5;3m +0ms[39m
[32m[Nest] 43265  - [39m2026/05/28 23:40:38 [32m    LOG[39m [38;5;3m[RouterExplorer] [39m[32mMapped {/api/calculate/attendance-work-hours/sync, POST} route[39m[38;5;3m +0ms[39m
[32m[Nest] 43265  - [39m2026/05/28 23:40:38 [32m    LOG[39m [38;5;3m[RoutesResolver] [39m[32mAttendanceCodeController {/api/calculate/attendance-codes}:[39m[38;5;3m +0ms[39m
[32m[Nest] 43265  - [39m2026/05/28 23:40:38 [32m    LOG[39m [38;5;3m[RouterExplorer] [39m[32mMapped {/api/calculate/attendance-codes, GET} route[39m[38;5;3m +0ms[39m
[32m[Nest] 43265  - [39m2026/05/28 23:40:38 [32m    LOG[39m [38;5;3m[RouterExplorer] [39m[32mMapped {/api/calculate/attendance-codes/:id, GET} route[39m[38;5;3m +0ms[39m
[32m[Nest] 43265  - [39m2026/05/28 23:40:38 [32m    LOG[39m [38;5;3m[RouterExplorer] [39m[32mMapped {/api/calculate/attendance-codes, POST} route[39m[38;5;3m +0ms[39m
[32m[Nest] 43265  - [39m2026/05/28 23:40:38 [32m    LOG[39m [38;5;3m[RouterExplorer] [39m[32mMapped {/api/calculate/attendance-codes/:id, PUT} route[39m[38;5;3m +0ms[39m
[32m[Nest] 43265  - [39m2026/05/28 23:40:38 [32m    LOG[39m [38;5;3m[RouterExplorer] [39m[32mMapped {/api/calculate/attendance-codes/:id, DELETE} route[39m[38;5;3m +0ms[39m
[32m[Nest] 43265  - [39m2026/05/28 23:40:38 [32m    LOG[39m [38;5;3m[RouterExplorer] [39m[32mMapped {/api/calculate/attendance-codes/:pairId/calculate, POST} route[39m[38;5;3m +0ms[39m
[32m[Nest] 43265  - [39m2026/05/28 23:40:38 [32m    LOG[39m [38;5;3m[RoutesResolver] [39m[32mAttendanceCodeDefinitionController {/api/calculate/attendance-code-definitions}:[39m[38;5;3m +0ms[39m
[32m[Nest] 43265  - [39m2026/05/28 23:40:38 [32m    LOG[39m [38;5;3m[RouterExplorer] [39m[32mMapped {/api/calculate/attendance-code-definitions, GET} route[39m[38;5;3m +0ms[39m
[32m[Nest] 43265  - [39m2026/05/28 23:40:38 [32m    LOG[39m [38;5;3m[RouterExplorer] [39m[32mMapped {/api/calculate/attendance-code-definitions/:id, GET} route[39m[38;5;3m +0ms[39m
[32m[Nest] 43265  - [39m2026/05/28 23:40:38 [32m    LOG[39m [38;5;3m[RouterExplorer] [39m[32mMapped {/api/calculate/attendance-code-definitions, POST} route[39m[38;5;3m +0ms[39m
[32m[Nest] 43265  - [39m2026/05/28 23:40:38 [32m    LOG[39m [38;5;3m[RouterExplorer] [39m[32mMapped {/api/calculate/attendance-code-definitions/:id, PUT} route[39m[38;5;3m +0ms[39m
[32m[Nest] 43265  - [39m2026/05/28 23:40:38 [32m    LOG[39m [38;5;3m[RouterExplorer] [39m[32mMapped {/api/calculate/attendance-code-definitions/:id, DELETE} route[39m[38;5;3m +0ms[39m
[32m[Nest] 43265  - [39m2026/05/28 23:40:38 [32m    LOG[39m [38;5;3m[RoutesResolver] [39m[32mCalculationAttendanceCodeController {/api/calculate/calculation-attendance-codes}:[39m[38;5;3m +1ms[39m
[32m[Nest] 43265  - [39m2026/05/28 23:40:38 [32m    LOG[39m [38;5;3m[RouterExplorer] [39m[32mMapped {/api/calculate/calculation-attendance-codes, GET} route[39m[38;5;3m +0ms[39m
[32m[Nest] 43265  - [39m2026/05/28 23:40:38 [32m    LOG[39m [38;5;3m[RouterExplorer] [39m[32mMapped {/api/calculate/calculation-attendance-codes/active, GET} route[39m[38;5;3m +0ms[39m
[32m[Nest] 43265  - [39m2026/05/28 23:40:38 [32m    LOG[39m [38;5;3m[RouterExplorer] [39m[32mMapped {/api/calculate/calculation-attendance-codes/new-code, GET} route[39m[38;5;3m +0ms[39m
[32m[Nest] 43265  - [39m2026/05/28 23:40:38 [32m    LOG[39m [38;5;3m[RouterExplorer] [39m[32mMapped {/api/calculate/calculation-attendance-codes/:id, GET} route[39m[38;5;3m +0ms[39m
[32m[Nest] 43265  - [39m2026/05/28 23:40:38 [32m    LOG[39m [38;5;3m[RouterExplorer] [39m[32mMapped {/api/calculate/calculation-attendance-codes, POST} route[39m[38;5;3m +0ms[39m
[32m[Nest] 43265  - [39m2026/05/28 23:40:38 [32m    LOG[39m [38;5;3m[RouterExplorer] [39m[32mMapped {/api/calculate/calculation-attendance-codes/:id, PUT} route[39m[38;5;3m +0ms[39m
[32m[Nest] 43265  - [39m2026/05/28 23:40:38 [32m    LOG[39m [38;5;3m[RouterExplorer] [39m[32mMapped {/api/calculate/calculation-attendance-codes/:id, DELETE} route[39m[38;5;3m +0ms[39m
[32m[Nest] 43265  - [39m2026/05/28 23:40:38 [32m    LOG[39m [38;5;3m[RouterExplorer] [39m[32mMapped {/api/calculate/calculation-attendance-codes/code/:code, GET} route[39m[38;5;3m +0ms[39m
[32m[Nest] 43265  - [39m2026/05/28 23:40:38 [32m    LOG[39m [38;5;3m[RoutesResolver] [39m[32mAttendanceRuleGroupController {/api/attendance-rule-groups}:[39m[38;5;3m +0ms[39m
[32m[Nest] 43265  - [39m2026/05/28 23:40:38 [32m    LOG[39m [38;5;3m[RouterExplorer] [39m[32mMapped {/api/attendance-rule-groups, GET} route[39m[38;5;3m +0ms[39m
[32m[Nest] 43265  - [39m2026/05/28 23:40:38 [32m    LOG[39m [38;5;3m[RouterExplorer] [39m[32mMapped {/api/attendance-rule-groups/new-code, GET} route[39m[38;5;3m +0ms[39m
[32m[Nest] 43265  - [39m2026/05/28 23:40:38 [32m    LOG[39m [38;5;3m[RouterExplorer] [39m[32mMapped {/api/attendance-rule-groups/:id, GET} route[39m[38;5;3m +0ms[39m
[32m[Nest] 43265  - [39m2026/05/28 23:40:38 [32m    LOG[39m [38;5;3m[RouterExplorer] [39m[32mMapped {/api/attendance-rule-groups, POST} route[39m[38;5;3m +0ms[39m
[32m[Nest] 43265  - [39m2026/05/28 23:40:38 [32m    LOG[39m [38;5;3m[RouterExplorer] [39m[32mMapped {/api/attendance-rule-groups/:id, PUT} route[39m[38;5;3m +0ms[39m
[32m[Nest] 43265  - [39m2026/05/28 23:40:38 [32m    LOG[39m [38;5;3m[RouterExplorer] [39m[32mMapped {/api/attendance-rule-groups/:id, DELETE} route[39m[38;5;3m +0ms[39m
[32m[Nest] 43265  - [39m2026/05/28 23:40:38 [32m    LOG[39m [38;5;3m[RouterExplorer] [39m[32mMapped {/api/attendance-rule-groups/grant-to-employees, POST} route[39m[38;5;3m +0ms[39m
[32m[Nest] 43265  - [39m2026/05/28 23:40:38 [32m    LOG[39m [38;5;3m[RouterExplorer] [39m[32mMapped {/api/attendance-rule-groups/employee-groups/:employeeId, GET} route[39m[38;5;3m +0ms[39m
[32m[Nest] 43265  - [39m2026/05/28 23:40:38 [32m    LOG[39m [38;5;3m[RouterExplorer] [39m[32mMapped {/api/attendance-rule-groups/employee-groups/:employeeId, PUT} route[39m[38;5;3m +0ms[39m
[32m[Nest] 43265  - [39m2026/05/28 23:40:38 [32m    LOG[39m [38;5;3m[RouterExplorer] [39m[32mMapped {/api/attendance-rule-groups/active/:employeeId, GET} route[39m[38;5;3m +0ms[39m
[32m[Nest] 43265  - [39m2026/05/28 23:40:38 [32m    LOG[39m [38;5;3m[RouterExplorer] [39m[32mMapped {/api/attendance-rule-groups/employee-groups/:id, DELETE} route[39m[38;5;3m +0ms[39m
[32m[Nest] 43265  - [39m2026/05/28 23:40:38 [32m    LOG[39m [38;5;3m[RoutesResolver] [39m[32mAmountPolicyController {/api/amount}:[39m[38;5;3m +0ms[39m
[32m[Nest] 43265  - [39m2026/05/28 23:40:38 [32m    LOG[39m [38;5;3m[RouterExplorer] [39m[32mMapped {/api/amount/policies, GET} route[39m[38;5;3m +0ms[39m
[32m[Nest] 43265  - [39m2026/05/28 23:40:38 [32m    LOG[39m [38;5;3m[RouterExplorer] [39m[32mMapped {/api/amount/policies/:id, GET} route[39m[38;5;3m +0ms[39m
[32m[Nest] 43265  - [39m2026/05/28 23:40:38 [32m    LOG[39m [38;5;3m[RouterExplorer] [39m[32mMapped {/api/amount/policies/new-code, GET} route[39m[38;5;3m +0ms[39m
[32m[Nest] 43265  - [39m2026/05/28 23:40:38 [32m    LOG[39m [38;5;3m[RouterExplorer] [39m[32mMapped {/api/amount/policies, POST} route[39m[38;5;3m +0ms[39m
[32m[Nest] 43265  - [39m2026/05/28 23:40:38 [32m    LOG[39m [38;5;3m[RouterExplorer] [39m[32mMapped {/api/amount/policies/:id, PUT} route[39m[38;5;3m +0ms[39m
[32m[Nest] 43265  - [39m2026/05/28 23:40:38 [32m    LOG[39m [38;5;3m[RouterExplorer] [39m[32mMapped {/api/amount/policies/:id, DELETE} route[39m[38;5;3m +0ms[39m
[32m[Nest] 43265  - [39m2026/05/28 23:40:38 [32m    LOG[39m [38;5;3m[RouterExplorer] [39m[32mMapped {/api/amount/policy-groups, GET} route[39m[38;5;3m +0ms[39m
[32m[Nest] 43265  - [39m2026/05/28 23:40:38 [32m    LOG[39m [38;5;3m[RouterExplorer] [39m[32mMapped {/api/amount/policy-groups/:id, GET} route[39m[38;5;3m +0ms[39m
[32m[Nest] 43265  - [39m2026/05/28 23:40:38 [32m    LOG[39m [38;5;3m[RouterExplorer] [39m[32mMapped {/api/amount/policy-groups/new-code, GET} route[39m[38;5;3m +0ms[39m
[32m[Nest] 43265  - [39m2026/05/28 23:40:38 [32m    LOG[39m [38;5;3m[RouterExplorer] [39m[32mMapped {/api/amount/policy-groups, POST} route[39m[38;5;3m +0ms[39m
[32m[Nest] 43265  - [39m2026/05/28 23:40:38 [32m    LOG[39m [38;5;3m[RouterExplorer] [39m[32mMapped {/api/amount/policy-groups/:id, PUT} route[39m[38;5;3m +0ms[39m
[32m[Nest] 43265  - [39m2026/05/28 23:40:38 [32m    LOG[39m [38;5;3m[RouterExplorer] [39m[32mMapped {/api/amount/policy-groups/:id, DELETE} route[39m[38;5;3m +0ms[39m
[32m[Nest] 43265  - [39m2026/05/28 23:40:38 [32m    LOG[39m [38;5;3m[RouterExplorer] [39m[32mMapped {/api/amount/employee-coefficients, GET} route[39m[38;5;3m +0ms[39m
[32m[Nest] 43265  - [39m2026/05/28 23:40:38 [32m    LOG[39m [38;5;3m[RouterExplorer] [39m[32mMapped {/api/amount/employee-coefficients/:id, GET} route[39m[38;5;3m +0ms[39m
[32m[Nest] 43265  - [39m2026/05/28 23:40:38 [32m    LOG[39m [38;5;3m[RouterExplorer] [39m[32mMapped {/api/amount/employee-coefficients, POST} route[39m[38;5;3m +0ms[39m
[32m[Nest] 43265  - [39m2026/05/28 23:40:38 [32m    LOG[39m [38;5;3m[RouterExplorer] [39m[32mMapped {/api/amount/employee-coefficients/:id, PUT} route[39m[38;5;3m +0ms[39m
[32m[Nest] 43265  - [39m2026/05/28 23:40:38 [32m    LOG[39m [38;5;3m[RouterExplorer] [39m[32mMapped {/api/amount/employee-coefficients/:id, DELETE} route[39m[38;5;3m +0ms[39m
[32m[Nest] 43265  - [39m2026/05/28 23:40:38 [32m    LOG[39m [38;5;3m[RoutesResolver] [39m[32mShiftController {/api/shift}:[39m[38;5;3m +0ms[39m
[32m[Nest] 43265  - [39m2026/05/28 23:40:38 [32m    LOG[39m [38;5;3m[RouterExplorer] [39m[32mMapped {/api/shift/shifts, GET} route[39m[38;5;3m +0ms[39m
[32m[Nest] 43265  - [39m2026/05/28 23:40:38 [32m    LOG[39m [38;5;3m[RouterExplorer] [39m[32mMapped {/api/shift/shifts/:id, GET} route[39m[38;5;3m +0ms[39m
[32m[Nest] 43265  - [39m2026/05/28 23:40:38 [32m    LOG[39m [38;5;3m[RouterExplorer] [39m[32mMapped {/api/shift/shifts, POST} route[39m[38;5;3m +0ms[39m
[32m[Nest] 43265  - [39m2026/05/28 23:40:38 [32m    LOG[39m [38;5;3m[RouterExplorer] [39m[32mMapped {/api/shift/shifts/:id, PUT} route[39m[38;5;3m +0ms[39m
[32m[Nest] 43265  - [39m2026/05/28 23:40:38 [32m    LOG[39m [38;5;3m[RouterExplorer] [39m[32mMapped {/api/shift/shifts/:id, DELETE} route[39m[38;5;3m +0ms[39m
[32m[Nest] 43265  - [39m2026/05/28 23:40:38 [32m    LOG[39m [38;5;3m[RouterExplorer] [39m[32mMapped {/api/shift/schedules, GET} route[39m[38;5;3m +0ms[39m
[32m[Nest] 43265  - [39m2026/05/28 23:40:38 [32m    LOG[39m [38;5;3m[RouterExplorer] [39m[32mMapped {/api/shift/schedules/calendar, GET} route[39m[38;5;3m +0ms[39m
[32m[Nest] 43265  - [39m2026/05/28 23:40:38 [32m    LOG[39m [38;5;3m[RouterExplorer] [39m[32mMapped {/api/shift/schedules, POST} route[39m[38;5;3m +0ms[39m
[32m[Nest] 43265  - [39m2026/05/28 23:40:38 [32m    LOG[39m [38;5;3m[RouterExplorer] [39m[32mMapped {/api/shift/schedules/batch, POST} route[39m[38;5;3m +0ms[39m
[32m[Nest] 43265  - [39m2026/05/28 23:40:38 [32m    LOG[39m [38;5;3m[RouterExplorer] [39m[32mMapped {/api/shift/schedules/:id, PUT} route[39m[38;5;3m +0ms[39m
[32m[Nest] 43265  - [39m2026/05/28 23:40:38 [32m    LOG[39m [38;5;3m[RouterExplorer] [39m[32mMapped {/api/shift/schedules/:id/cancel, DELETE} route[39m[38;5;3m +0ms[39m
[32m[Nest] 43265  - [39m2026/05/28 23:40:38 [32m    LOG[39m [38;5;3m[RouterExplorer] [39m[32mMapped {/api/shift/schedules/:id, DELETE} route[39m[38;5;3m +0ms[39m
[32m[Nest] 43265  - [39m2026/05/28 23:40:38 [32m    LOG[39m [38;5;3m[RouterExplorer] [39m[32mMapped {/api/shift/transfers, GET} route[39m[38;5;3m +1ms[39m
[32m[Nest] 43265  - [39m2026/05/28 23:40:38 [32m    LOG[39m [38;5;3m[RouterExplorer] [39m[32mMapped {/api/shift/transfers, POST} route[39m[38;5;3m +0ms[39m
[32m[Nest] 43265  - [39m2026/05/28 23:40:38 [32m    LOG[39m [38;5;3m[RouterExplorer] [39m[32mMapped {/api/shift/shifts/:id/properties, GET} route[39m[38;5;3m +0ms[39m
[32m[Nest] 43265  - [39m2026/05/28 23:40:38 [32m    LOG[39m [38;5;3m[RouterExplorer] [39m[32mMapped {/api/shift/shifts/:id/properties, PUT} route[39m[38;5;3m +0ms[39m
[32m[Nest] 43265  - [39m2026/05/28 23:40:38 [32m    LOG[39m [38;5;3m[RouterExplorer] [39m[32mMapped {/api/shift/shifts/:id/properties/:propertyKey, DELETE} route[39m[38;5;3m +0ms[39m
[32m[Nest] 43265  - [39m2026/05/28 23:40:38 [32m    LOG[39m [38;5;3m[RouterExplorer] [39m[32mMapped {/api/shift/property-definitions, GET} route[39m[38;5;3m +0ms[39m
[32m[Nest] 43265  - [39m2026/05/28 23:40:38 [32m    LOG[39m [38;5;3m[RouterExplorer] [39m[32mMapped {/api/shift/property-definitions/active, GET} route[39m[38;5;3m +0ms[39m
[32m[Nest] 43265  - [39m2026/05/28 23:40:38 [32m    LOG[39m [38;5;3m[RouterExplorer] [39m[32mMapped {/api/shift/property-definitions/:id, GET} route[39m[38;5;3m +0ms[39m
[32m[Nest] 43265  - [39m2026/05/28 23:40:38 [32m    LOG[39m [38;5;3m[RouterExplorer] [39m[32mMapped {/api/shift/property-definitions, POST} route[39m[38;5;3m +0ms[39m
[32m[Nest] 43265  - [39m2026/05/28 23:40:38 [32m    LOG[39m [38;5;3m[RouterExplorer] [39m[32mMapped {/api/shift/property-definitions/:id, PUT} route[39m[38;5;3m +0ms[39m
[32m[Nest] 43265  - [39m2026/05/28 23:40:38 [32m    LOG[39m [38;5;3m[RouterExplorer] [39m[32mMapped {/api/shift/property-definitions/:id, DELETE} route[39m[38;5;3m +0ms[39m
[32m[Nest] 43265  - [39m2026/05/28 23:40:38 [32m    LOG[39m [38;5;3m[RoutesResolver] [39m[32mAttendanceController {/api/attendance}:[39m[38;5;3m +0ms[39m
[32m[Nest] 43265  - [39m2026/05/28 23:40:38 [32m    LOG[39m [38;5;3m[RouterExplorer] [39m[32mMapped {/api/attendance/personal, GET} route[39m[38;5;3m +0ms[39m
[32m[Nest] 43265  - [39m2026/05/28 23:40:38 [32m    LOG[39m [38;5;3m[RouterExplorer] [39m[32mMapped {/api/attendance/department, GET} route[39m[38;5;3m +0ms[39m
[32m[Nest] 43265  - [39m2026/05/28 23:40:38 [32m    LOG[39m [38;5;3m[RouterExplorer] [39m[32mMapped {/api/attendance/account, GET} route[39m[38;5;3m +0ms[39m
[32m[Nest] 43265  - [39m2026/05/28 23:40:38 [32m    LOG[39m [38;5;3m[RouterExplorer] [39m[32mMapped {/api/attendance/reports/daily, GET} route[39m[38;5;3m +0ms[39m
[32m[Nest] 43265  - [39m2026/05/28 23:40:38 [32m    LOG[39m [38;5;3m[RouterExplorer] [39m[32mMapped {/api/attendance/reports/weekly, GET} route[39m[38;5;3m +0ms[39m
[32m[Nest] 43265  - [39m2026/05/28 23:40:38 [32m    LOG[39m [38;5;3m[RouterExplorer] [39m[32mMapped {/api/attendance/reports/monthly, GET} route[39m[38;5;3m +0ms[39m
[32m[Nest] 43265  - [39m2026/05/28 23:40:38 [32m    LOG[39m [38;5;3m[RouterExplorer] [39m[32mMapped {/api/attendance/exceptions, GET} route[39m[38;5;3m +0ms[39m
[32m[Nest] 43265  - [39m2026/05/28 23:40:38 [32m    LOG[39m [38;5;3m[RouterExplorer] [39m[32mMapped {/api/attendance/exceptions/:id/handle, PUT} route[39m[38;5;3m +0ms[39m
[32m[Nest] 43265  - [39m2026/05/28 23:40:38 [32m    LOG[39m [38;5;3m[RoutesResolver] [39m[32mAllocationController {/api/allocation}:[39m[38;5;3m +0ms[39m
[32m[Nest] 43265  - [39m2026/05/28 23:40:38 [32m    LOG[39m [38;5;3m[RouterExplorer] [39m[32mMapped {/api/allocation/products, GET} route[39m[38;5;3m +0ms[39m
[32m[Nest] 43265  - [39m2026/05/28 23:40:38 [32m    LOG[39m [38;5;3m[RouterExplorer] [39m[32mMapped {/api/allocation/products/:id, GET} route[39m[38;5;3m +0ms[39m
[32m[Nest] 43265  - [39m2026/05/28 23:40:38 [32m    LOG[39m [38;5;3m[RouterExplorer] [39m[32mMapped {/api/allocation/products, POST} route[39m[38;5;3m +0ms[39m
[32m[Nest] 43265  - [39m2026/05/28 23:40:38 [32m    LOG[39m [38;5;3m[RouterExplorer] [39m[32mMapped {/api/allocation/products/:id, PUT} route[39m[38;5;3m +0ms[39m
[32m[Nest] 43265  - [39m2026/05/28 23:40:38 [32m    LOG[39m [38;5;3m[RouterExplorer] [39m[32mMapped {/api/allocation/products/:id, DELETE} route[39m[38;5;3m +0ms[39m
[32m[Nest] 43265  - [39m2026/05/28 23:40:38 [32m    LOG[39m [38;5;3m[RouterExplorer] [39m[32mMapped {/api/allocation/products/:productId/standard-hours, GET} route[39m[38;5;3m +0ms[39m
[32m[Nest] 43265  - [39m2026/05/28 23:40:38 [32m    LOG[39m [38;5;3m[RouterExplorer] [39m[32mMapped {/api/allocation/products/:productId/standard-hours, POST} route[39m[38;5;3m +0ms[39m
[32m[Nest] 43265  - [39m2026/05/28 23:40:38 [32m    LOG[39m [38;5;3m[RouterExplorer] [39m[32mMapped {/api/allocation/standard-hours/:id, PUT} route[39m[38;5;3m +0ms[39m
[32m[Nest] 43265  - [39m2026/05/28 23:40:38 [32m    LOG[39m [38;5;3m[RouterExplorer] [39m[32mMapped {/api/allocation/standard-hours/:id, DELETE} route[39m[38;5;3m +0ms[39m
[32m[Nest] 43265  - [39m2026/05/28 23:40:38 [32m    LOG[39m [38;5;3m[RouterExplorer] [39m[32mMapped {/api/allocation/products/:productId/standard-hour-by-levels, GET} route[39m[38;5;3m +0ms[39m
[32m[Nest] 43265  - [39m2026/05/28 23:40:38 [32m    LOG[39m [38;5;3m[RouterExplorer] [39m[32mMapped {/api/allocation/standard-hour-by-levels, GET} route[39m[38;5;3m +0ms[39m
[32m[Nest] 43265  - [39m2026/05/28 23:40:38 [32m    LOG[39m [38;5;3m[RouterExplorer] [39m[32mMapped {/api/allocation/standard-hour-by-levels, POST} route[39m[38;5;3m +0ms[39m
[32m[Nest] 43265  - [39m2026/05/28 23:40:38 [32m    LOG[39m [38;5;3m[RouterExplorer] [39m[32mMapped {/api/allocation/standard-hour-by-levels/:id, PUT} route[39m[38;5;3m +0ms[39m
[32m[Nest] 43265  - [39m2026/05/28 23:40:38 [32m    LOG[39m [38;5;3m[RouterExplorer] [39m[32mMapped {/api/allocation/standard-hour-by-levels/:id, DELETE} route[39m[38;5;3m +0ms[39m
[32m[Nest] 43265  - [39m2026/05/28 23:40:38 [32m    LOG[39m [38;5;3m[RouterExplorer] [39m[32mMapped {/api/allocation/products/:productId/processes, GET} route[39m[38;5;3m +0ms[39m
[32m[Nest] 43265  - [39m2026/05/28 23:40:38 [32m    LOG[39m [38;5;3m[RouterExplorer] [39m[32mMapped {/api/allocation/products/:productId/processes, POST} route[39m[38;5;3m +0ms[39m
[32m[Nest] 43265  - [39m2026/05/28 23:40:38 [32m    LOG[39m [38;5;3m[RouterExplorer] [39m[32mMapped {/api/allocation/products/:productId/processes/:processId, DELETE} route[39m[38;5;3m +0ms[39m
[32m[Nest] 43265  - [39m2026/05/28 23:40:38 [32m    LOG[39m [38;5;3m[RouterExplorer] [39m[32mMapped {/api/allocation/product-processes/:id, PUT} route[39m[38;5;3m +0ms[39m
[32m[Nest] 43265  - [39m2026/05/28 23:40:38 [32m    LOG[39m [38;5;3m[RouterExplorer] [39m[32mMapped {/api/allocation/general-config, GET} route[39m[38;5;3m +0ms[39m
[32m[Nest] 43265  - [39m2026/05/28 23:40:38 [32m    LOG[39m [38;5;3m[RouterExplorer] [39m[32mMapped {/api/allocation/general-config, PUT} route[39m[38;5;3m +0ms[39m
[32m[Nest] 43265  - [39m2026/05/28 23:40:38 [32m    LOG[39m [38;5;3m[RouterExplorer] [39m[32mMapped {/api/allocation/production-lines, GET} route[39m[38;5;3m +0ms[39m
[32m[Nest] 43265  - [39m2026/05/28 23:40:38 [32m    LOG[39m [38;5;3m[RouterExplorer] [39m[32mMapped {/api/allocation/production-lines/:id, GET} route[39m[38;5;3m +0ms[39m
[32m[Nest] 43265  - [39m2026/05/28 23:40:38 [32m    LOG[39m [38;5;3m[RouterExplorer] [39m[32mMapped {/api/allocation/production-lines, POST} route[39m[38;5;3m +0ms[39m
[32m[Nest] 43265  - [39m2026/05/28 23:40:38 [32m    LOG[39m [38;5;3m[RouterExplorer] [39m[32mMapped {/api/allocation/production-lines/:id, PUT} route[39m[38;5;3m +0ms[39m
[32m[Nest] 43265  - [39m2026/05/28 23:40:38 [32m    LOG[39m [38;5;3m[RouterExplorer] [39m[32mMapped {/api/allocation/production-lines/:id, DELETE} route[39m[38;5;3m +0ms[39m
[32m[Nest] 43265  - [39m2026/05/28 23:40:38 [32m    LOG[39m [38;5;3m[RouterExplorer] [39m[32mMapped {/api/allocation/line-shifts, GET} route[39m[38;5;3m +0ms[39m
[32m[Nest] 43265  - [39m2026/05/28 23:40:38 [32m    LOG[39m [38;5;3m[RouterExplorer] [39m[32mMapped {/api/allocation/line-shifts, POST} route[39m[38;5;3m +0ms[39m
[32m[Nest] 43265  - [39m2026/05/28 23:40:38 [32m    LOG[39m [38;5;3m[RouterExplorer] [39m[32mMapped {/api/allocation/line-shifts/:id, PUT} route[39m[38;5;3m +0ms[39m
[32m[Nest] 43265  - [39m2026/05/28 23:40:38 [32m    LOG[39m [38;5;3m[RouterExplorer] [39m[32mMapped {/api/allocation/line-shifts/:id, DELETE} route[39m[38;5;3m +0ms[39m
[32m[Nest] 43265  - [39m2026/05/28 23:40:38 [32m    LOG[39m [38;5;3m[RouterExplorer] [39m[32mMapped {/api/allocation/production-records, GET} route[39m[38;5;3m +0ms[39m
[32m[Nest] 43265  - [39m2026/05/28 23:40:38 [32m    LOG[39m [38;5;3m[RouterExplorer] [39m[32mMapped {/api/allocation/production-records/:id, GET} route[39m[38;5;3m +0ms[39m
[32m[Nest] 43265  - [39m2026/05/28 23:40:38 [32m    LOG[39m [38;5;3m[RouterExplorer] [39m[32mMapped {/api/allocation/production-records, POST} route[39m[38;5;3m +1ms[39m
[32m[Nest] 43265  - [39m2026/05/28 23:40:38 [32m    LOG[39m [38;5;3m[RouterExplorer] [39m[32mMapped {/api/allocation/production-records/:id, PUT} route[39m[38;5;3m +0ms[39m
[32m[Nest] 43265  - [39m2026/05/28 23:40:38 [32m    LOG[39m [38;5;3m[RouterExplorer] [39m[32mMapped {/api/allocation/production-records/:id, DELETE} route[39m[38;5;3m +0ms[39m
[32m[Nest] 43265  - [39m2026/05/28 23:40:38 [32m    LOG[39m [38;5;3m[RouterExplorer] [39m[32mMapped {/api/allocation/production-records/batch, POST} route[39m[38;5;3m +0ms[39m
[32m[Nest] 43265  - [39m2026/05/28 23:40:38 [32m    LOG[39m [38;5;3m[RouterExplorer] [39m[32mMapped {/api/allocation/personal-production-records, GET} route[39m[38;5;3m +0ms[39m
[32m[Nest] 43265  - [39m2026/05/28 23:40:38 [32m    LOG[39m [38;5;3m[RouterExplorer] [39m[32mMapped {/api/allocation/personal-production-records/:id, GET} route[39m[38;5;3m +0ms[39m
[32m[Nest] 43265  - [39m2026/05/28 23:40:38 [32m    LOG[39m [38;5;3m[RouterExplorer] [39m[32mMapped {/api/allocation/personal-production-records, POST} route[39m[38;5;3m +0ms[39m
[32m[Nest] 43265  - [39m2026/05/28 23:40:38 [32m    LOG[39m [38;5;3m[RouterExplorer] [39m[32mMapped {/api/allocation/personal-production-records/:id, PUT} route[39m[38;5;3m +0ms[39m
[32m[Nest] 43265  - [39m2026/05/28 23:40:38 [32m    LOG[39m [38;5;3m[RouterExplorer] [39m[32mMapped {/api/allocation/personal-production-records/:id, DELETE} route[39m[38;5;3m +0ms[39m
[32m[Nest] 43265  - [39m2026/05/28 23:40:38 [32m    LOG[39m [38;5;3m[RouterExplorer] [39m[32mMapped {/api/allocation/configs, GET} route[39m[38;5;3m +0ms[39m
[32m[Nest] 43265  - [39m2026/05/28 23:40:38 [32m    LOG[39m [38;5;3m[RouterExplorer] [39m[32mMapped {/api/allocation/configs/:id, GET} route[39m[38;5;3m +0ms[39m
[32m[Nest] 43265  - [39m2026/05/28 23:40:38 [32m    LOG[39m [38;5;3m[RouterExplorer] [39m[32mMapped {/api/allocation/configs, POST} route[39m[38;5;3m +0ms[39m
[32m[Nest] 43265  - [39m2026/05/28 23:40:38 [32m    LOG[39m [38;5;3m[RouterExplorer] [39m[32mMapped {/api/allocation/configs/:id, PUT} route[39m[38;5;3m +0ms[39m
[32m[Nest] 43265  - [39m2026/05/28 23:40:38 [32m    LOG[39m [38;5;3m[RouterExplorer] [39m[32mMapped {/api/allocation/configs/:id, DELETE} route[39m[38;5;3m +0ms[39m
[32m[Nest] 43265  - [39m2026/05/28 23:40:38 [32m    LOG[39m [38;5;3m[RouterExplorer] [39m[32mMapped {/api/allocation/configs/:id/activate, POST} route[39m[38;5;3m +0ms[39m
[32m[Nest] 43265  - [39m2026/05/28 23:40:38 [32m    LOG[39m [38;5;3m[RouterExplorer] [39m[32mMapped {/api/allocation/configs/:id/copy, POST} route[39m[38;5;3m +0ms[39m
[32m[Nest] 43265  - [39m2026/05/28 23:40:38 [32m    LOG[39m [38;5;3m[RouterExplorer] [39m[32mMapped {/api/allocation/calculate, POST} route[39m[38;5;3m +0ms[39m
[32m[Nest] 43265  - [39m2026/05/28 23:40:38 [32m    LOG[39m [38;5;3m[RouterExplorer] [39m[32mMapped {/api/allocation/calculate/progress/:batchNo, GET} route[39m[38;5;3m +0ms[39m
[32m[Nest] 43265  - [39m2026/05/28 23:40:38 [32m    LOG[39m [38;5;3m[RouterExplorer] [39m[32mMapped {/api/allocation/results, GET} route[39m[38;5;3m +0ms[39m
[32m[Nest] 43265  - [39m2026/05/28 23:40:38 [32m    LOG[39m [38;5;3m[RouterExplorer] [39m[32mMapped {/api/allocation/results/summary, GET} route[39m[38;5;3m +0ms[39m
[32m[Nest] 43265  - [39m2026/05/28 23:40:38 [32m    LOG[39m [38;5;3m[RouterExplorer] [39m[32mMapped {/api/allocation/configs/:id/archive, GET} route[39m[38;5;3m +0ms[39m
[32m[Nest] 43265  - [39m2026/05/28 23:40:38 [32m    LOG[39m [38;5;3m[RouterExplorer] [39m[32mMapped {/api/allocation/attendance-codes, GET} route[39m[38;5;3m +0ms[39m
[32m[Nest] 43265  - [39m2026/05/28 23:40:38 [32m    LOG[39m [38;5;3m[RouterExplorer] [39m[32mMapped {/api/allocation/scope/extract-level, GET} route[39m[38;5;3m +0ms[39m
[32m[Nest] 43265  - [39m2026/05/28 23:40:38 [32m    LOG[39m [38;5;3m[RouterExplorer] [39m[32mMapped {/api/allocation/scope/extract-multiple-levels, GET} route[39m[38;5;3m +0ms[39m
[32m[Nest] 43265  - [39m2026/05/28 23:40:38 [32m    LOG[39m [38;5;3m[RouterExplorer] [39m[32mMapped {/api/allocation/scope/hierarchy, GET} route[39m[38;5;3m +0ms[39m
[32m[Nest] 43265  - [39m2026/05/28 23:40:38 [32m    LOG[39m [38;5;3m[RouterExplorer] [39m[32mMapped {/api/allocation/scope/match-line-shifts, GET} route[39m[38;5;3m +0ms[39m
[32m[Nest] 43265  - [39m2026/05/28 23:40:38 [32m    LOG[39m [38;5;3m[RouterExplorer] [39m[32mMapped {/api/allocation/scope/extract-wh1001, GET} route[39m[38;5;3m +0ms[39m
[32m[Nest] 43265  - [39m2026/05/28 23:40:38 [32m    LOG[39m [38;5;3m[RouterExplorer] [39m[32mMapped {/api/allocation/scope/participating, GET} route[39m[38;5;3m +0ms[39m
[32m[Nest] 43265  - [39m2026/05/28 23:40:38 [32m    LOG[39m [38;5;3m[RouterExplorer] [39m[32mMapped {/api/allocation/scope/match, GET} route[39m[38;5;3m +0ms[39m
[32m[Nest] 43265  - [39m2026/05/28 23:40:38 [32m    LOG[39m [38;5;3m[RouterExplorer] [39m[32mMapped {/api/allocation/scope/match-by-config, GET} route[39m[38;5;3m +0ms[39m
[32m[Nest] 43265  - [39m2026/05/28 23:40:38 [32m    LOG[39m [38;5;3m[RouterExplorer] [39m[32mMapped {/api/allocation/scope/hierarchy-levels, GET} route[39m[38;5;3m +0ms[39m
[32m[Nest] 43265  - [39m2026/05/28 23:40:38 [32m    LOG[39m [38;5;3m[RouterExplorer] [39m[32mMapped {/api/allocation/scope/org-type-by-level, GET} route[39m[38;5;3m +0ms[39m
[32m[Nest] 43265  - [39m2026/05/28 23:40:38 [32m    LOG[39m [38;5;3m[RoutesResolver] [39m[32mEarnedHoursAllocationController {/api/earned-hours-allocation}:[39m[38;5;3m +0ms[39m
[32m[Nest] 43265  - [39m2026/05/28 23:40:38 [32m    LOG[39m [38;5;3m[RouterExplorer] [39m[32mMapped {/api/earned-hours-allocation/configs, GET} route[39m[38;5;3m +0ms[39m
[32m[Nest] 43265  - [39m2026/05/28 23:40:38 [32m    LOG[39m [38;5;3m[RouterExplorer] [39m[32mMapped {/api/earned-hours-allocation/configs/:id, GET} route[39m[38;5;3m +0ms[39m
[32m[Nest] 43265  - [39m2026/05/28 23:40:38 [32m    LOG[39m [38;5;3m[RouterExplorer] [39m[32mMapped {/api/earned-hours-allocation/configs, POST} route[39m[38;5;3m +0ms[39m
[32m[Nest] 43265  - [39m2026/05/28 23:40:38 [32m    LOG[39m [38;5;3m[RouterExplorer] [39m[32mMapped {/api/earned-hours-allocation/configs/:id, PUT} route[39m[38;5;3m +0ms[39m
[32m[Nest] 43265  - [39m2026/05/28 23:40:38 [32m    LOG[39m [38;5;3m[RouterExplorer] [39m[32mMapped {/api/earned-hours-allocation/configs/:id, DELETE} route[39m[38;5;3m +0ms[39m
[32m[Nest] 43265  - [39m2026/05/28 23:40:38 [32m    LOG[39m [38;5;3m[RouterExplorer] [39m[32mMapped {/api/earned-hours-allocation/configs/:id/activate, POST} route[39m[38;5;3m +0ms[39m
[32m[Nest] 43265  - [39m2026/05/28 23:40:38 [32m    LOG[39m [38;5;3m[RouterExplorer] [39m[32mMapped {/api/earned-hours-allocation/configs/:id/deactivate, POST} route[39m[38;5;3m +0ms[39m
[32m[Nest] 43265  - [39m2026/05/28 23:40:38 [32m    LOG[39m [38;5;3m[RouterExplorer] [39m[32mMapped {/api/earned-hours-allocation/configs/:id/copy, POST} route[39m[38;5;3m +0ms[39m
[32m[Nest] 43265  - [39m2026/05/28 23:40:38 [32m    LOG[39m [38;5;3m[RouterExplorer] [39m[32mMapped {/api/earned-hours-allocation/rules, GET} route[39m[38;5;3m +0ms[39m
[32m[Nest] 43265  - [39m2026/05/28 23:40:38 [32m    LOG[39m [38;5;3m[RouterExplorer] [39m[32mMapped {/api/earned-hours-allocation/rules/:id, GET} route[39m[38;5;3m +0ms[39m
[32m[Nest] 43265  - [39m2026/05/28 23:40:38 [32m    LOG[39m [38;5;3m[RouterExplorer] [39m[32mMapped {/api/earned-hours-allocation/rules, POST} route[39m[38;5;3m +0ms[39m
[32m[Nest] 43265  - [39m2026/05/28 23:40:38 [32m    LOG[39m [38;5;3m[RouterExplorer] [39m[32mMapped {/api/earned-hours-allocation/rules/:id, PUT} route[39m[38;5;3m +0ms[39m
[32m[Nest] 43265  - [39m2026/05/28 23:40:38 [32m    LOG[39m [38;5;3m[RouterExplorer] [39m[32mMapped {/api/earned-hours-allocation/rules/:id, DELETE} route[39m[38;5;3m +0ms[39m
[32m[Nest] 43265  - [39m2026/05/28 23:40:38 [32m    LOG[39m [38;5;3m[RouterExplorer] [39m[32mMapped {/api/earned-hours-allocation/rules/:ruleId/targets, GET} route[39m[38;5;3m +0ms[39m
[32m[Nest] 43265  - [39m2026/05/28 23:40:38 [32m    LOG[39m [38;5;3m[RouterExplorer] [39m[32mMapped {/api/earned-hours-allocation/targets, POST} route[39m[38;5;3m +0ms[39m
[32m[Nest] 43265  - [39m2026/05/28 23:40:38 [32m    LOG[39m [38;5;3m[RouterExplorer] [39m[32mMapped {/api/earned-hours-allocation/targets/:id, PUT} route[39m[38;5;3m +0ms[39m
[32m[Nest] 43265  - [39m2026/05/28 23:40:38 [32m    LOG[39m [38;5;3m[RouterExplorer] [39m[32mMapped {/api/earned-hours-allocation/targets/:id, DELETE} route[39m[38;5;3m +0ms[39m
[32m[Nest] 43265  - [39m2026/05/28 23:40:38 [32m    LOG[39m [38;5;3m[RouterExplorer] [39m[32mMapped {/api/earned-hours-allocation/calculate, POST} route[39m[38;5;3m +0ms[39m
[32m[Nest] 43265  - [39m2026/05/28 23:40:38 [32m    LOG[39m [38;5;3m[RouterExplorer] [39m[32mMapped {/api/earned-hours-allocation/calculate/progress/:batchNo, GET} route[39m[38;5;3m +0ms[39m
[32m[Nest] 43265  - [39m2026/05/28 23:40:38 [32m    LOG[39m [38;5;3m[RouterExplorer] [39m[32mMapped {/api/earned-hours-allocation/results, GET} route[39m[38;5;3m +0ms[39m
[32m[Nest] 43265  - [39m2026/05/28 23:40:38 [32m    LOG[39m [38;5;3m[RouterExplorer] [39m[32mMapped {/api/earned-hours-allocation/results/summary, GET} route[39m[38;5;3m +1ms[39m
[32m[Nest] 43265  - [39m2026/05/28 23:40:38 [32m    LOG[39m [38;5;3m[RouterExplorer] [39m[32mMapped {/api/earned-hours-allocation/configs/:id/archive, GET} route[39m[38;5;3m +0ms[39m
[32m[Nest] 43265  - [39m2026/05/28 23:40:38 [32m    LOG[39m [38;5;3m[RoutesResolver] [39m[32mDefinitionAttendanceCodeController {/api/allocation/definition-attendance-codes}:[39m[38;5;3m +0ms[39m
[32m[Nest] 43265  - [39m2026/05/28 23:40:38 [32m    LOG[39m [38;5;3m[RouterExplorer] [39m[32mMapped {/api/allocation/definition-attendance-codes, GET} route[39m[38;5;3m +0ms[39m
[32m[Nest] 43265  - [39m2026/05/28 23:40:38 [32m    LOG[39m [38;5;3m[RouterExplorer] [39m[32mMapped {/api/allocation/definition-attendance-codes/active, GET} route[39m[38;5;3m +0ms[39m
[32m[Nest] 43265  - [39m2026/05/28 23:40:38 [32m    LOG[39m [38;5;3m[RouterExplorer] [39m[32mMapped {/api/allocation/definition-attendance-codes/:id, GET} route[39m[38;5;3m +0ms[39m
[32m[Nest] 43265  - [39m2026/05/28 23:40:38 [32m    LOG[39m [38;5;3m[RouterExplorer] [39m[32mMapped {/api/allocation/definition-attendance-codes, POST} route[39m[38;5;3m +0ms[39m
[32m[Nest] 43265  - [39m2026/05/28 23:40:38 [32m    LOG[39m [38;5;3m[RouterExplorer] [39m[32mMapped {/api/allocation/definition-attendance-codes/:id, PUT} route[39m[38;5;3m +0ms[39m
[32m[Nest] 43265  - [39m2026/05/28 23:40:38 [32m    LOG[39m [38;5;3m[RouterExplorer] [39m[32mMapped {/api/allocation/definition-attendance-codes/:id, DELETE} route[39m[38;5;3m +0ms[39m
[32m[Nest] 43265  - [39m2026/05/28 23:40:38 [32m    LOG[39m [38;5;3m[RouterExplorer] [39m[32mMapped {/api/allocation/definition-attendance-codes/code/:code, GET} route[39m[38;5;3m +0ms[39m
[32m[Nest] 43265  - [39m2026/05/28 23:40:38 [32m    LOG[39m [38;5;3m[RouterExplorer] [39m[32mMapped {/api/allocation/definition-attendance-codes/calc-code/:calcCode, GET} route[39m[38;5;3m +0ms[39m
[32m[Nest] 43265  - [39m2026/05/28 23:40:38 [32m    LOG[39m [38;5;3m[RouterExplorer] [39m[32mMapped {/api/allocation/definition-attendance-codes/mapping, POST} route[39m[38;5;3m +0ms[39m
[32m[Nest] 43265  - [39m2026/05/28 23:40:38 [32m    LOG[39m [38;5;3m[RoutesResolver] [39m[32mWorkHourReceiverController {/api/allocation/work-hours}:[39m[38;5;3m +0ms[39m
[32m[Nest] 43265  - [39m2026/05/28 23:40:38 [32m    LOG[39m [38;5;3m[RouterExplorer] [39m[32mMapped {/api/allocation/work-hours/receive, POST} route[39m[38;5;3m +0ms[39m
[32m[Nest] 43265  - [39m2026/05/28 23:40:38 [32m    LOG[39m [38;5;3m[RouterExplorer] [39m[32mMapped {/api/allocation/work-hours, GET} route[39m[38;5;3m +0ms[39m
[32m[Nest] 43265  - [39m2026/05/28 23:40:38 [32m    LOG[39m [38;5;3m[RouterExplorer] [39m[32mMapped {/api/allocation/work-hours/:id/confirm, POST} route[39m[38;5;3m +0ms[39m
[32m[Nest] 43265  - [39m2026/05/28 23:40:38 [32m    LOG[39m [38;5;3m[RouterExplorer] [39m[32mMapped {/api/allocation/work-hours/batch-confirm, POST} route[39m[38;5;3m +0ms[39m
[32m[Nest] 43265  - [39m2026/05/28 23:40:38 [32m    LOG[39m [38;5;3m[RoutesResolver] [39m[32mSupportRequestController {/api/support/requests}:[39m[38;5;3m +0ms[39m
[32m[Nest] 43265  - [39m2026/05/28 23:40:38 [32m    LOG[39m [38;5;3m[RouterExplorer] [39m[32mMapped {/api/support/requests/my-requests, GET} route[39m[38;5;3m +0ms[39m
[32m[Nest] 43265  - [39m2026/05/28 23:40:38 [32m    LOG[39m [38;5;3m[RouterExplorer] [39m[32mMapped {/api/support/requests/pending-approvals, GET} route[39m[38;5;3m +0ms[39m
[32m[Nest] 43265  - [39m2026/05/28 23:40:38 [32m    LOG[39m [38;5;3m[RouterExplorer] [39m[32mMapped {/api/support/requests, GET} route[39m[38;5;3m +0ms[39m
[32m[Nest] 43265  - [39m2026/05/28 23:40:38 [32m    LOG[39m [38;5;3m[RouterExplorer] [39m[32mMapped {/api/support/requests/:id, GET} route[39m[38;5;3m +0ms[39m
[32m[Nest] 43265  - [39m2026/05/28 23:40:38 [32m    LOG[39m [38;5;3m[RouterExplorer] [39m[32mMapped {/api/support/requests, POST} route[39m[38;5;3m +0ms[39m
[32m[Nest] 43265  - [39m2026/05/28 23:40:38 [32m    LOG[39m [38;5;3m[RouterExplorer] [39m[32mMapped {/api/support/requests/:id, PUT} route[39m[38;5;3m +0ms[39m
[32m[Nest] 43265  - [39m2026/05/28 23:40:38 [32m    LOG[39m [38;5;3m[RouterExplorer] [39m[32mMapped {/api/support/requests/:id, DELETE} route[39m[38;5;3m +0ms[39m
[32m[Nest] 43265  - [39m2026/05/28 23:40:38 [32m    LOG[39m [38;5;3m[RoutesResolver] [39m[32mParticipantConfigController {/api/workflow/participants}:[39m[38;5;3m +0ms[39m
[32m[Nest] 43265  - [39m2026/05/28 23:40:38 [32m    LOG[39m [38;5;3m[RouterExplorer] [39m[32mMapped {/api/workflow/participants, GET} route[39m[38;5;3m +0ms[39m
[32m[Nest] 43265  - [39m2026/05/28 23:40:38 [32m    LOG[39m [38;5;3m[RouterExplorer] [39m[32mMapped {/api/workflow/participants/:id, GET} route[39m[38;5;3m +0ms[39m
[32m[Nest] 43265  - [39m2026/05/28 23:40:38 [32m    LOG[39m [38;5;3m[RouterExplorer] [39m[32mMapped {/api/workflow/participants, POST} route[39m[38;5;3m +0ms[39m
[32m[Nest] 43265  - [39m2026/05/28 23:40:38 [32m    LOG[39m [38;5;3m[RouterExplorer] [39m[32mMapped {/api/workflow/participants/:id, PUT} route[39m[38;5;3m +0ms[39m
[32m[Nest] 43265  - [39m2026/05/28 23:40:38 [32m    LOG[39m [38;5;3m[RouterExplorer] [39m[32mMapped {/api/workflow/participants/:id/status, PUT} route[39m[38;5;3m +0ms[39m
[32m[Nest] 43265  - [39m2026/05/28 23:40:38 [32m    LOG[39m [38;5;3m[RouterExplorer] [39m[32mMapped {/api/workflow/participants/:id, DELETE} route[39m[38;5;3m +0ms[39m
[32m[Nest] 43265  - [39m2026/05/28 23:40:38 [32m    LOG[39m [38;5;3m[RoutesResolver] [39m[32mWorkflowDefinitionController {/api/workflow/definitions}:[39m[38;5;3m +0ms[39m
[32m[Nest] 43265  - [39m2026/05/28 23:40:38 [32m    LOG[39m [38;5;3m[RouterExplorer] [39m[32mMapped {/api/workflow/definitions, GET} route[39m[38;5;3m +0ms[39m
[32m[Nest] 43265  - [39m2026/05/28 23:40:38 [32m    LOG[39m [38;5;3m[RouterExplorer] [39m[32mMapped {/api/workflow/definitions/:id, GET} route[39m[38;5;3m +0ms[39m
[32m[Nest] 43265  - [39m2026/05/28 23:40:38 [32m    LOG[39m [38;5;3m[RouterExplorer] [39m[32mMapped {/api/workflow/definitions, POST} route[39m[38;5;3m +0ms[39m
[32m[Nest] 43265  - [39m2026/05/28 23:40:38 [32m    LOG[39m [38;5;3m[RouterExplorer] [39m[32mMapped {/api/workflow/definitions/:id, PUT} route[39m[38;5;3m +0ms[39m
[32m[Nest] 43265  - [39m2026/05/28 23:40:38 [32m    LOG[39m [38;5;3m[RouterExplorer] [39m[32mMapped {/api/workflow/definitions/:id/publish, POST} route[39m[38;5;3m +0ms[39m
[32m[Nest] 43265  - [39m2026/05/28 23:40:38 [32m    LOG[39m [38;5;3m[RouterExplorer] [39m[32mMapped {/api/workflow/definitions/:id/new-version, POST} route[39m[38;5;3m +0ms[39m
[32m[Nest] 43265  - [39m2026/05/28 23:40:38 [32m    LOG[39m [38;5;3m[RouterExplorer] [39m[32mMapped {/api/workflow/definitions/:id, DELETE} route[39m[38;5;3m +0ms[39m
[32m[Nest] 43265  - [39m2026/05/28 23:40:38 [32m    LOG[39m [38;5;3m[RoutesResolver] [39m[32mWorkflowInstanceController {/api/workflow/instances}:[39m[38;5;3m +0ms[39m
[32m[Nest] 43265  - [39m2026/05/28 23:40:38 [32m    LOG[39m [38;5;3m[RouterExplorer] [39m[32mMapped {/api/workflow/instances, GET} route[39m[38;5;3m +0ms[39m
[32m[Nest] 43265  - [39m2026/05/28 23:40:38 [32m    LOG[39m [38;5;3m[RouterExplorer] [39m[32mMapped {/api/workflow/instances/:id, GET} route[39m[38;5;3m +0ms[39m
[32m[Nest] 43265  - [39m2026/05/28 23:40:38 [32m    LOG[39m [38;5;3m[RouterExplorer] [39m[32mMapped {/api/workflow/instances, POST} route[39m[38;5;3m +0ms[39m
[32m[Nest] 43265  - [39m2026/05/28 23:40:38 [32m    LOG[39m [38;5;3m[RouterExplorer] [39m[32mMapped {/api/workflow/instances/approval, POST} route[39m[38;5;3m +0ms[39m
[32m[Nest] 43265  - [39m2026/05/28 23:40:38 [32m    LOG[39m [38;5;3m[RouterExplorer] [39m[32mMapped {/api/workflow/instances/:instanceId/force-skip/:nodeId, POST} route[39m[38;5;3m +0ms[39m
[32m[Nest] 43265  - [39m2026/05/28 23:40:38 [32m    LOG[39m [38;5;3m[RouterExplorer] [39m[32mMapped {/api/workflow/instances/force-approval, POST} route[39m[38;5;3m +0ms[39m
[32m[Nest] 43265  - [39m2026/05/28 23:40:38 [32m    LOG[39m [38;5;3m[RoutesResolver] [39m[32mLaborHourReportController {/api/labor-hour-report}:[39m[38;5;3m +0ms[39m
[32m[Nest] 43265  - [39m2026/05/28 23:40:38 [32m    LOG[39m [38;5;3m[RouterExplorer] [39m[32mMapped {/api/labor-hour-report/requests, POST} route[39m[38;5;3m +0ms[39m
[32m[Nest] 43265  - [39m2026/05/28 23:40:38 [32m    LOG[39m [38;5;3m[RouterExplorer] [39m[32mMapped {/api/labor-hour-report/requests, GET} route[39m[38;5;3m +0ms[39m
[32m[Nest] 43265  - [39m2026/05/28 23:40:38 [32m    LOG[39m [38;5;3m[RouterExplorer] [39m[32mMapped {/api/labor-hour-report/requests/:id, GET} route[39m[38;5;3m +0ms[39m
[32m[Nest] 43265  - [39m2026/05/28 23:40:38 [32m    LOG[39m [38;5;3m[RouterExplorer] [39m[32mMapped {/api/labor-hour-report/requests/:id/employees, GET} route[39m[38;5;3m +0ms[39m
[32m[Nest] 43265  - [39m2026/05/28 23:40:38 [32m    LOG[39m [38;5;3m[RouterExplorer] [39m[32mMapped {/api/labor-hour-report/requests/:id/approve, PUT} route[39m[38;5;3m +0ms[39m
[32m[Nest] 43265  - [39m2026/05/28 23:40:38 [32m    LOG[39m [38;5;3m[RouterExplorer] [39m[32mMapped {/api/labor-hour-report/requests/:id/reject, PUT} route[39m[38;5;3m +0ms[39m
[32m[Nest] 43265  - [39m2026/05/28 23:40:38 [32m    LOG[39m [38;5;3m[RouterExplorer] [39m[32mMapped {/api/labor-hour-report/requests/:id, DELETE} route[39m[38;5;3m +1ms[39m
[32m[Nest] 43265  - [39m2026/05/28 23:40:38 [32m    LOG[39m [38;5;3m[NestApplication] [39m[32mNest application successfully started[39m[38;5;3m +0ms[39m

🚀 Server is running on: http://localhost:3001
📚 API Documentation: http://localhost:3001/api-docs
  
[2J[3J[H[[90m23:43:07[0m] File change detected. Starting incremental compilation...

[[90m23:43:08[0m] Found 0 errors. Watching for file changes.

[32m[Nest] 43590  - [39m2026/05/28 23:43:10 [32m    LOG[39m [38;5;3m[NestFactory] [39m[32mStarting Nest application...[39m
[32m[Nest] 43590  - [39m2026/05/28 23:43:10 [32m    LOG[39m [38;5;3m[InstanceLoader] [39m[32mPrismaModule dependencies initialized[39m[38;5;3m +1ms[39m
[32m[Nest] 43590  - [39m2026/05/28 23:43:10 [32m    LOG[39m [38;5;3m[InstanceLoader] [39m[32mPassportModule dependencies initialized[39m[38;5;3m +0ms[39m
[31m[Nest] 43590  - [39m2026/05/28 23:43:10 [31m  ERROR[39m [38;5;3m[ExceptionHandler] [39m[31mNest can't resolve dependencies of the LaborHourReportService (PrismaService, WorkflowInstanceService, ?). Please make sure that the argument AmountCalculateService at index [2] is available in the LaborHourReportModule context.

Potential solutions:
- Is LaborHourReportModule a valid NestJS module?
- If AmountCalculateService is a provider, is it part of the current LaborHourReportModule?
- If AmountCalculateService is exported from a separate @Module, is that module imported within LaborHourReportModule?
  @Module({
    imports: [ /* the Module containing AmountCalculateService */ ]
  })
[39m
Error: Nest can't resolve dependencies of the LaborHourReportService (PrismaService, WorkflowInstanceService, ?). Please make sure that the argument AmountCalculateService at index [2] is available in the LaborHourReportModule context.

Potential solutions:
- Is LaborHourReportModule a valid NestJS module?
- If AmountCalculateService is a provider, is it part of the current LaborHourReportModule?
- If AmountCalculateService is exported from a separate @Module, is that module imported within LaborHourReportModule?
  @Module({
    imports: [ /* the Module containing AmountCalculateService */ ]
  })

    at Injector.lookupComponentInParentModules (/Users/aaron.he/Desktop/AI/JY/backend/node_modules/@nestjs/core/injector/injector.js:262:19)
    at async Injector.resolveComponentInstance (/Users/aaron.he/Desktop/AI/JY/backend/node_modules/@nestjs/core/injector/injector.js:215:33)
    at async resolveParam (/Users/aaron.he/Desktop/AI/JY/backend/node_modules/@nestjs/core/injector/injector.js:129:38)
    at async Promise.all (index 2)
    at async Injector.resolveConstructorParams (/Users/aaron.he/Desktop/AI/JY/backend/node_modules/@nestjs/core/injector/injector.js:144:27)
    at async Injector.loadInstance (/Users/aaron.he/Desktop/AI/JY/backend/node_modules/@nestjs/core/injector/injector.js:70:13)
    at async Injector.loadProvider (/Users/aaron.he/Desktop/AI/JY/backend/node_modules/@nestjs/core/injector/injector.js:98:9)
    at async /Users/aaron.he/Desktop/AI/JY/backend/node_modules/@nestjs/core/injector/instance-loader.js:56:13
    at async Promise.all (index 3)
    at async InstanceLoader.createInstancesOfProviders (/Users/aaron.he/Desktop/AI/JY/backend/node_modules/@nestjs/core/injector/instance-loader.js:55:9)
[2J[3J[H[[90m23:43:15[0m] File change detected. Starting incremental compilation...

[[90m23:43:15[0m] Found 0 errors. Watching for file changes.

[32m[Nest] 43620  - [39m2026/05/28 23:43:17 [32m    LOG[39m [38;5;3m[NestFactory] [39m[32mStarting Nest application...[39m
[32m[Nest] 43620  - [39m2026/05/28 23:43:17 [32m    LOG[39m [38;5;3m[InstanceLoader] [39m[32mPrismaModule dependencies initialized[39m[38;5;3m +0ms[39m
[32m[Nest] 43620  - [39m2026/05/28 23:43:17 [32m    LOG[39m [38;5;3m[InstanceLoader] [39m[32mPassportModule dependencies initialized[39m[38;5;3m +1ms[39m
[31m[Nest] 43620  - [39m2026/05/28 23:43:17 [31m  ERROR[39m [38;5;3m[ExceptionHandler] [39m[31mNest can't resolve dependencies of the LaborHourReportService (PrismaService, WorkflowInstanceService, ?). Please make sure that the argument AmountCalculateService at index [2] is available in the LaborHourReportModule context.

Potential solutions:
- Is LaborHourReportModule a valid NestJS module?
- If AmountCalculateService is a provider, is it part of the current LaborHourReportModule?
- If AmountCalculateService is exported from a separate @Module, is that module imported within LaborHourReportModule?
  @Module({
    imports: [ /* the Module containing AmountCalculateService */ ]
  })
[39m
Error: Nest can't resolve dependencies of the LaborHourReportService (PrismaService, WorkflowInstanceService, ?). Please make sure that the argument AmountCalculateService at index [2] is available in the LaborHourReportModule context.

Potential solutions:
- Is LaborHourReportModule a valid NestJS module?
- If AmountCalculateService is a provider, is it part of the current LaborHourReportModule?
- If AmountCalculateService is exported from a separate @Module, is that module imported within LaborHourReportModule?
  @Module({
    imports: [ /* the Module containing AmountCalculateService */ ]
  })

    at Injector.lookupComponentInParentModules (/Users/aaron.he/Desktop/AI/JY/backend/node_modules/@nestjs/core/injector/injector.js:262:19)
    at async Injector.resolveComponentInstance (/Users/aaron.he/Desktop/AI/JY/backend/node_modules/@nestjs/core/injector/injector.js:215:33)
    at async resolveParam (/Users/aaron.he/Desktop/AI/JY/backend/node_modules/@nestjs/core/injector/injector.js:129:38)
    at async Promise.all (index 2)
    at async Injector.resolveConstructorParams (/Users/aaron.he/Desktop/AI/JY/backend/node_modules/@nestjs/core/injector/injector.js:144:27)
    at async Injector.loadInstance (/Users/aaron.he/Desktop/AI/JY/backend/node_modules/@nestjs/core/injector/injector.js:70:13)
    at async Injector.loadProvider (/Users/aaron.he/Desktop/AI/JY/backend/node_modules/@nestjs/core/injector/injector.js:98:9)
    at async /Users/aaron.he/Desktop/AI/JY/backend/node_modules/@nestjs/core/injector/instance-loader.js:56:13
    at async Promise.all (index 3)
    at async InstanceLoader.createInstancesOfProviders (/Users/aaron.he/Desktop/AI/JY/backend/node_modules/@nestjs/core/injector/instance-loader.js:55:9)
[2J[3J[H[[90m23:46:13[0m] File change detected. Starting incremental compilation...

[96msrc/modules/attendance-rule-group/attendance-rule-group.service.ts[0m:[93m127[0m:[93m7[0m - [91merror[0m[90m TS2451: [0mCannot redeclare block-scoped variable 'attendanceCodeIds'.

[7m127[0m       attendanceCodeIds,
[7m   [0m [91m      ~~~~~~~~~~~~~~~~~[0m

[96msrc/modules/attendance-rule-group/attendance-rule-group.service.ts[0m:[93m158[0m:[93m9[0m - [91merror[0m[90m TS2451: [0mCannot redeclare block-scoped variable 'attendanceCodeIds'.

[7m158[0m     let attendanceCodeIds = attendanceCodeIds || [];
[7m   [0m [91m        ~~~~~~~~~~~~~~~~~[0m

[96msrc/modules/attendance-rule-group/attendance-rule-group.service.ts[0m:[93m168[0m:[93m7[0m - [91merror[0m[90m TS2588: [0mCannot assign to 'code' because it is a constant.

[7m168[0m       code = StringUtils.generateSequentialCode('ARG', codes);
[7m   [0m [91m      ~~~~[0m

[[90m23:46:14[0m] Found 3 errors. Watching for file changes.

